<?xml version="1.0"?>
<testsuite name="Firefox 31.0.0 (Linux 0.0.0)" package="unit" timestamp="2015-10-24T12:47:13" id="0" hostname="testing-worker-linux-docker-adc36e54-3282-linux-6" tests="921" errors="0" failures="0" time="43.531">
  <properties>
    <property name="browser.fullName" value="Mozilla/5.0 (X11; Linux x86_64; rv:31.0) Gecko/20100101 Firefox/31.0"/>
  </properties>
  <testcase name="should contain active employee profile status" time="0.002" classname="Firefox_31_0_0_(Linux_0_0_0).unit.constants"/>
  <testcase name="should contain inactive employee profile status" time="0" classname="Firefox_31_0_0_(Linux_0_0_0).unit.constants"/>
  <testcase name="should contain pending employee profile status" time="0" classname="Firefox_31_0_0_(Linux_0_0_0).unit.constants"/>
  <testcase name="should contain admin role" time="0" classname="Firefox_31_0_0_(Linux_0_0_0).unit.constants"/>
  <testcase name="should contain manager role" time="0" classname="Firefox_31_0_0_(Linux_0_0_0).unit.constants"/>
  <testcase name="should contain buyer role" time="0.001" classname="Firefox_31_0_0_(Linux_0_0_0).unit.constants"/>
  <testcase name="should contain public access level" time="0" classname="Firefox_31_0_0_(Linux_0_0_0).unit.constants"/>
  <testcase name="should contain employee access level" time="0" classname="Firefox_31_0_0_(Linux_0_0_0).unit.constants"/>
  <testcase name="should contain supervisor access level" time="0" classname="Firefox_31_0_0_(Linux_0_0_0).unit.constants"/>
  <testcase name="should contain manager access level" time="0" classname="Firefox_31_0_0_(Linux_0_0_0).unit.constants"/>
  <testcase name="should contain admin access level" time="0.002" classname="Firefox_31_0_0_(Linux_0_0_0).unit.constants"/>
  <testcase name="should contain account completeness type" time="0" classname="Firefox_31_0_0_(Linux_0_0_0).unit.constants"/>
  <testcase name="should contain employee completeness type" time="0" classname="Firefox_31_0_0_(Linux_0_0_0).unit.constants"/>
  <testcase name="should contain header api version" time="0.001" classname="Firefox_31_0_0_(Linux_0_0_0).unit.constants"/>
  <testcase name="should contain alert-danger component" time="0.073" classname="Firefox_31_0_0_(Linux_0_0_0).unit.AlertDanger"/>
  <testcase name="should have `Error!` alert title defined" time="0.062" classname="Firefox_31_0_0_(Linux_0_0_0).unit.AlertDanger"/>
  <testcase name="should render and display the error message when there is error" time="0.056" classname="Firefox_31_0_0_(Linux_0_0_0).unit.AlertDanger"/>
  <testcase name="should not render and display the error message when there is no error" time="0.05" classname="Firefox_31_0_0_(Linux_0_0_0).unit.AlertDanger"/>
  <testcase name="should hide the error message when x button is clicked" time="0.056" classname="Firefox_31_0_0_(Linux_0_0_0).unit.AlertDanger"/>
  <testcase name="should contain alert-success component" time="0.046" classname="Firefox_31_0_0_(Linux_0_0_0).unit.AlertSuccess"/>
  <testcase name="should have `Success!` alert title defined" time="0.045" classname="Firefox_31_0_0_(Linux_0_0_0).unit.AlertSuccess"/>
  <testcase name="should render and display the error message when there is error" time="0.054" classname="Firefox_31_0_0_(Linux_0_0_0).unit.AlertSuccess"/>
  <testcase name="should not render and display the error message when there is no error" time="0.044" classname="Firefox_31_0_0_(Linux_0_0_0).unit.AlertSuccess"/>
  <testcase name="should hide the error message when x button is clicked" time="0.135" classname="Firefox_31_0_0_(Linux_0_0_0).unit.AlertSuccess"/>
  <testcase name="should contain footer component" time="0.069" classname="Firefox_31_0_0_(Linux_0_0_0).unit.Footer"/>
  <testcase name="should contain copyright link" time="0.05" classname="Firefox_31_0_0_(Linux_0_0_0).unit.Footer"/>
  <testcase name="should contain copyright text" time="0.05" classname="Firefox_31_0_0_(Linux_0_0_0).unit.Footer"/>
  <testcase name="should contain `error-modal` component" time="0.057" classname="Firefox_31_0_0_(Linux_0_0_0).unit.ModalError"/>
  <testcase name="should have `Error` modal title defined" time="0.067" classname="Firefox_31_0_0_(Linux_0_0_0).unit.ModalError"/>
  <testcase name="should have `Error!` alert title defined" time="0.048" classname="Firefox_31_0_0_(Linux_0_0_0).unit.ModalError"/>
  <testcase name="should render 404 error message" time="0.047" classname="Firefox_31_0_0_(Linux_0_0_0).unit.ModalError"/>
  <testcase name="should render 500 error message" time="0.047" classname="Firefox_31_0_0_(Linux_0_0_0).unit.ModalError"/>
  <testcase name="should have `×` label defined for close button" time="0.051" classname="Firefox_31_0_0_(Linux_0_0_0).unit.ModalError"/>
  <testcase name="should close the Error modal when `×` button is clicked" time="0.057" classname="Firefox_31_0_0_(Linux_0_0_0).unit.ModalError"/>
  <testcase name="should have `OK` label defined for close button" time="0.048" classname="Firefox_31_0_0_(Linux_0_0_0).unit.ModalError"/>
  <testcase name="should close the Error modal when `OK` button is clicked" time="0.046" classname="Firefox_31_0_0_(Linux_0_0_0).unit.ModalError"/>
  <testcase name="should contain profile-completeness-bar component" time="0.046" classname="Firefox_31_0_0_(Linux_0_0_0).unit.ProfileCompletenessBar"/>
  <testcase name="should render with `progress-bar-success` class when percentage is >= 70" time="0.041" classname="Firefox_31_0_0_(Linux_0_0_0).unit.ProfileCompletenessBar"/>
  <testcase name="should render with `progress-bar-warning` class when percentage is &lt; 70 and >= 40" time="0.055" classname="Firefox_31_0_0_(Linux_0_0_0).unit.ProfileCompletenessBar"/>
  <testcase name="should render with `progress-bar-danger` class when percentage is &lt; 40" time="0.059" classname="Firefox_31_0_0_(Linux_0_0_0).unit.ProfileCompletenessBar"/>
  <testcase name="should render with style `with` set to profile completeness percentage" time="0.05" classname="Firefox_31_0_0_(Linux_0_0_0).unit.ProfileCompletenessBar"/>
  <testcase name="should render the profile completeness percentage" time="0.05" classname="Firefox_31_0_0_(Linux_0_0_0).unit.ProfileCompletenessBar"/>
  <testcase name="should have `Profile completeness` label defined" time="0.045" classname="Firefox_31_0_0_(Linux_0_0_0).unit.ProfileCompletenessBar"/>
  <testcase name="should have profileCompleteness property" time="0.036" classname="Firefox_31_0_0_(Linux_0_0_0).unit.ProfileCompletenessBar"/>
  <testcase name="should test position label filter with array data" time="0.037" classname="Firefox_31_0_0_(Linux_0_0_0).unit.Helpers: positionLabel"/>
  <testcase name="should test position label filter with object data" time="0.037" classname="Firefox_31_0_0_(Linux_0_0_0).unit.Helpers: positionLabel"/>
  <testcase name="should remove token and redirect to login page for 401 status error" time="0.003" classname="Firefox_31_0_0_(Linux_0_0_0).unit.HttpAuthenticationInterceptor"/>
  <testcase name="should redirect to 403 page for 403 status error" time="0.001" classname="Firefox_31_0_0_(Linux_0_0_0).unit.HttpAuthenticationInterceptor"/>
  <testcase name="should return reject object and don't redirect to login or 403 page" time="0.001" classname="Firefox_31_0_0_(Linux_0_0_0).unit.HttpAuthenticationInterceptor"/>
  <testcase name="should add token to header if token exist" time="0" classname="Firefox_31_0_0_(Linux_0_0_0).unit.HttpAuthenticationInterceptor"/>
  <testcase name="should not add token to header if token does not exist" time="0.001" classname="Firefox_31_0_0_(Linux_0_0_0).unit.HttpAuthenticationInterceptor"/>
  <testcase name="should return rejected object if status is not equal to 503" time="0.002" classname="Firefox_31_0_0_(Linux_0_0_0).unit.HttpRetryInterceptor"/>
  <testcase name="should set rejection.config.retry to 1 and return rejected object" time="0.001" classname="Firefox_31_0_0_(Linux_0_0_0).unit.HttpRetryInterceptor"/>
  <testcase name="should increase rejection.config.retry each time is called" time="0.001" classname="Firefox_31_0_0_(Linux_0_0_0).unit.HttpRetryInterceptor"/>
  <testcase name="should return reject object if rejection.config.retry is more or equal than 5" time="0.001" classname="Firefox_31_0_0_(Linux_0_0_0).unit.HttpRetryInterceptor"/>
  <testcase name="should have 'resource' property set to CurrencyModel" time="0.003" classname="Firefox_31_0_0_(Linux_0_0_0).unit.CurrencyModel"/>
  <testcase name="should have 'resource' property set to LanguageModel" time="0.001" classname="Firefox_31_0_0_(Linux_0_0_0).unit.LanguageModel"/>
  <testcase name="should have 'resource' property set to LocationModel" time="0.001" classname="Firefox_31_0_0_(Linux_0_0_0).unit.LocationModel"/>
  <testcase name="should get default location" time="0.001" classname="Firefox_31_0_0_(Linux_0_0_0).unit.LocationModel"/>
  <testcase name="should have model defined" time="0.001" classname="Firefox_31_0_0_(Linux_0_0_0).unit.ModalModel"/>
  <testcase name="should have 'resource' property set to PartnerModel" time="0.001" classname="Firefox_31_0_0_(Linux_0_0_0).unit.PartnerModel"/>
  <testcase name="should have 'resource' property set to PositionModel" time="0.001" classname="Firefox_31_0_0_(Linux_0_0_0).unit.PositionModel"/>
  <testcase name="should have 'resource' property set to SettingModel" time="0.001" classname="Firefox_31_0_0_(Linux_0_0_0).unit.SettingModel"/>
  <testcase name="should have 'cachedToken' property set to null" time="0.001" classname="Firefox_31_0_0_(Linux_0_0_0).unit.SettingModel"/>
  <testcase name="should have 'tokenStorageKey' property set to 'token'" time="0" classname="Firefox_31_0_0_(Linux_0_0_0).unit.SettingModel"/>
  <testcase name="should have 'cachedCurrentUser' property set to null" time="0" classname="Firefox_31_0_0_(Linux_0_0_0).unit.SettingModel"/>
  <testcase name="should have 'currentUserStorageKey' property set to 'user'" time="0" classname="Firefox_31_0_0_(Linux_0_0_0).unit.SettingModel"/>
  <testcase name="should set token to cache and locale storage" time="0.001" classname="Firefox_31_0_0_(Linux_0_0_0).unit.SettingModel"/>
  <testcase name="should set user to cache and locale storage" time="0.008" classname="Firefox_31_0_0_(Linux_0_0_0).unit.SettingModel"/>
  <testcase name="should throw error when token has not 3 parts" time="0" classname="Firefox_31_0_0_(Linux_0_0_0).unit.SettingModel"/>
  <testcase name="should throw error when token is not decoded properly" time="0" classname="Firefox_31_0_0_(Linux_0_0_0).unit.SettingModel"/>
  <testcase name="should get token from locale storage" time="0" classname="Firefox_31_0_0_(Linux_0_0_0).unit.SettingModel"/>
  <testcase name="should get token from cache" time="0" classname="Firefox_31_0_0_(Linux_0_0_0).unit.SettingModel"/>
  <testcase name="should get user from locale storage" time="0.001" classname="Firefox_31_0_0_(Linux_0_0_0).unit.SettingModel"/>
  <testcase name="should get user from cache" time="0.001" classname="Firefox_31_0_0_(Linux_0_0_0).unit.SettingModel"/>
  <testcase name="should remove token from cache and locale storage" time="0.001" classname="Firefox_31_0_0_(Linux_0_0_0).unit.SettingModel"/>
  <testcase name="should remove user from cache and locale storage" time="0.001" classname="Firefox_31_0_0_(Linux_0_0_0).unit.SettingModel"/>
  <testcase name="should call GET resource with `id`" time="0.008" classname="Firefox_31_0_0_(Linux_0_0_0).unit.AbstractResource"/>
  <testcase name="should call GET LIST resource with `params`" time="0.007" classname="Firefox_31_0_0_(Linux_0_0_0).unit.AbstractResource"/>
  <testcase name="should call GET LIST resource without `params`" time="0.006" classname="Firefox_31_0_0_(Linux_0_0_0).unit.AbstractResource"/>
  <testcase name="should call POST resource" time="0.007" classname="Firefox_31_0_0_(Linux_0_0_0).unit.AbstractResource"/>
  <testcase name="should call PUT resource" time="0.007" classname="Firefox_31_0_0_(Linux_0_0_0).unit.AbstractResource"/>
  <testcase name="should call DELETE resource" time="0.007" classname="Firefox_31_0_0_(Linux_0_0_0).unit.AbstractResource"/>
  <testcase name="should have 'http' property set to $http" time="0.009" classname="Firefox_31_0_0_(Linux_0_0_0).unit.AuthenticationResource"/>
  <testcase name="should have 'route' property set to 'auth'" time="0.006" classname="Firefox_31_0_0_(Linux_0_0_0).unit.AuthenticationResource"/>
  <testcase name="should call GET logout resource" time="0.009" classname="Firefox_31_0_0_(Linux_0_0_0).unit.AuthenticationResource"/>
  <testcase name="should call POST login resource" time="0.008" classname="Firefox_31_0_0_(Linux_0_0_0).unit.AuthenticationResource"/>
  <testcase name="should call POST password resource" time="0.01" classname="Firefox_31_0_0_(Linux_0_0_0).unit.AuthenticationResource"/>
  <testcase name="should call PUT password resource" time="0.011" classname="Firefox_31_0_0_(Linux_0_0_0).unit.AuthenticationResource"/>
  <testcase name="should have 'http' property set to $http" time="0.001" classname="Firefox_31_0_0_(Linux_0_0_0).unit.CurrencyResource"/>
  <testcase name="should have 'route' property set to 'currencies'" time="0" classname="Firefox_31_0_0_(Linux_0_0_0).unit.CurrencyResource"/>
  <testcase name="should have 'http' property set to $http" time="0.007" classname="Firefox_31_0_0_(Linux_0_0_0).unit.DocumentResource"/>
  <testcase name="should have 'route' property set to 'documents'" time="0.006" classname="Firefox_31_0_0_(Linux_0_0_0).unit.DocumentResource"/>
  <testcase name="should call GET role resource" time="0.013" classname="Firefox_31_0_0_(Linux_0_0_0).unit.DocumentResource"/>
  <testcase name="should have 'http' property set to $http" time="0.005" classname="Firefox_31_0_0_(Linux_0_0_0).unit.EmployeeResource"/>
  <testcase name="should have 'route' property set to 'employees'" time="0.009" classname="Firefox_31_0_0_(Linux_0_0_0).unit.EmployeeResource"/>
  <testcase name="should call GET employee by email resource" time="0.007" classname="Firefox_31_0_0_(Linux_0_0_0).unit.EmployeeResource"/>
  <testcase name="should have 'http' property set to $http" time="0" classname="Firefox_31_0_0_(Linux_0_0_0).unit.LanguageResource"/>
  <testcase name="should have 'route' property set to 'languages'" time="0.045" classname="Firefox_31_0_0_(Linux_0_0_0).unit.LanguageResource"/>
  <testcase name="should have 'http' property set to $http" time="0.002" classname="Firefox_31_0_0_(Linux_0_0_0).unit.LocationResource"/>
  <testcase name="should have 'route' property set to 'locations'" time="0" classname="Firefox_31_0_0_(Linux_0_0_0).unit.LocationResource"/>
  <testcase name="should have 'http' property set to $http" time="0.001" classname="Firefox_31_0_0_(Linux_0_0_0).unit.PartnerResource"/>
  <testcase name="should have 'route' property set to 'partners'" time="0.001" classname="Firefox_31_0_0_(Linux_0_0_0).unit.PartnerResource"/>
  <testcase name="should have 'http' property set to $http" time="0.001" classname="Firefox_31_0_0_(Linux_0_0_0).unit.PositionResource"/>
  <testcase name="should have 'route' property set to 'positions'" time="0" classname="Firefox_31_0_0_(Linux_0_0_0).unit.PositionResource"/>
  <testcase name="should have 'http' property set to $http" time="0" classname="Firefox_31_0_0_(Linux_0_0_0).unit.SettingResource"/>
  <testcase name="should have 'route' property set to 'settings'" time="0" classname="Firefox_31_0_0_(Linux_0_0_0).unit.SettingResource"/>
  <testcase name="should grant access for selected employees" time="0.003" classname="Firefox_31_0_0_(Linux_0_0_0).unit.DocumentService"/>
  <testcase name="should not grant access when employees are not selected " time="0.001" classname="Firefox_31_0_0_(Linux_0_0_0).unit.DocumentService"/>
  <testcase name="should return empty function when onSuccess function is called" time="0.001" classname="Firefox_31_0_0_(Linux_0_0_0).unit.ModalService"/>
  <testcase name="should redirect to state when onFinal function is called" time="0.001" classname="Firefox_31_0_0_(Linux_0_0_0).unit.ModalService"/>
  <testcase name="should not open modal if there is no status error" time="0.001" classname="Firefox_31_0_0_(Linux_0_0_0).unit.ModalService"/>
  <testcase name="should open modal if there is status error" time="0.005" classname="Firefox_31_0_0_(Linux_0_0_0).unit.ModalService"/>
  <testcase name="should redirect to different route when finally block is executed" time="0.001" classname="Firefox_31_0_0_(Linux_0_0_0).unit.ModalService"/>
  <testcase name="should contain priority property" time="0.085" classname="Firefox_31_0_0_(Linux_0_0_0).unit.MmAccessLevel"/>
  <testcase name="should contain terminal property" time="0.059" classname="Firefox_31_0_0_(Linux_0_0_0).unit.MmAccessLevel"/>
  <testcase name="should contain restrict property" time="0.114" classname="Firefox_31_0_0_(Linux_0_0_0).unit.MmAccessLevel"/>
  <testcase name="should contain transclude property" time="0.057" classname="Firefox_31_0_0_(Linux_0_0_0).unit.MmAccessLevel"/>
  <testcase name="should keep element in DOM" time="0.052" classname="Firefox_31_0_0_(Linux_0_0_0).unit.MmAccessLevel"/>
  <testcase name="should remove element from DOM" time="0.049" classname="Firefox_31_0_0_(Linux_0_0_0).unit.MmAccessLevel"/>
  <testcase name="should remove element from DOM when no scope is passed into directive" time="0.041" classname="Firefox_31_0_0_(Linux_0_0_0).unit.MmAccessLevel"/>
  <testcase name="should contain require property set to ngModel" time="0.054" classname="Firefox_31_0_0_(Linux_0_0_0).unit.MmEqualValidator"/>
  <testcase name="should contain restrict property set to A" time="0.05" classname="Firefox_31_0_0_(Linux_0_0_0).unit.MmEqualValidator"/>
  <testcase name="should contain scope property" time="0.051" classname="Firefox_31_0_0_(Linux_0_0_0).unit.MmEqualValidator"/>
  <testcase name="should pass validation when password and newPassword are equal" time="0.067" classname="Firefox_31_0_0_(Linux_0_0_0).unit.MmEqualValidator"/>
  <testcase name="should not pass validation when password and newPassword are not equal" time="0.052" classname="Firefox_31_0_0_(Linux_0_0_0).unit.MmEqualValidator"/>
  <testcase name="should trigger $watch inside of link func when password value change" time="0.064" classname="Firefox_31_0_0_(Linux_0_0_0).unit.MmEqualValidator"/>
  <testcase name="should contain scope property" time="0.051" classname="Firefox_31_0_0_(Linux_0_0_0).unit.MmModalReallyClick"/>
  <testcase name="should contain restrict property set to A" time="0.267" classname="Firefox_31_0_0_(Linux_0_0_0).unit.MmModalReallyClick"/>
  <testcase name="should display modal on click event" time="0.08" classname="Firefox_31_0_0_(Linux_0_0_0).unit.MmModalReallyClick"/>
  <testcase name="should have title defined" time="0.061" classname="Firefox_31_0_0_(Linux_0_0_0).unit.MmModalReallyClick"/>
  <testcase name="should have message defined" time="0.049" classname="Firefox_31_0_0_(Linux_0_0_0).unit.MmModalReallyClick"/>
  <testcase name="should have `×` label defined for close button" time="0.048" classname="Firefox_31_0_0_(Linux_0_0_0).unit.MmModalReallyClick"/>
  <testcase name="should have `Cancel` label defined for close button" time="0.048" classname="Firefox_31_0_0_(Linux_0_0_0).unit.MmModalReallyClick"/>
  <testcase name="should have `OK` label defined for ok button" time="0.047" classname="Firefox_31_0_0_(Linux_0_0_0).unit.MmModalReallyClick"/>
  <testcase name="should cancel modal" time="0.034" classname="Firefox_31_0_0_(Linux_0_0_0).unit.MmModalReallyClick"/>
  <testcase name="should close modal" time="0.032" classname="Firefox_31_0_0_(Linux_0_0_0).unit.MmModalReallyClick"/>
  <testcase name="should contain forms property set to []" time="0.001" classname="Firefox_31_0_0_(Linux_0_0_0).unit.MmModalWarningUnsavedForm"/>
  <testcase name="should add form" time="0.002" classname="Firefox_31_0_0_(Linux_0_0_0).unit.MmModalWarningUnsavedForm"/>
  <testcase name="should remove form" time="0.001" classname="Firefox_31_0_0_(Linux_0_0_0).unit.MmModalWarningUnsavedForm"/>
  <testcase name="should return true if there are no forms" time="0.002" classname="Firefox_31_0_0_(Linux_0_0_0).unit.MmModalWarningUnsavedForm"/>
  <testcase name="should return false if user has already interacted with the form" time="0" classname="Firefox_31_0_0_(Linux_0_0_0).unit.MmModalWarningUnsavedForm"/>
  <testcase name="should return true and remove any non dirty form from `forms` array" time="0" classname="Firefox_31_0_0_(Linux_0_0_0).unit.MmModalWarningUnsavedForm"/>
  <testcase name="should contain require property set to ^form" time="0.057" classname="Firefox_31_0_0_(Linux_0_0_0).unit.MmModalWarningUnsavedForm"/>
  <testcase name="should contain restrict property set to A" time="0.064" classname="Firefox_31_0_0_(Linux_0_0_0).unit.MmModalWarningUnsavedForm"/>
  <testcase name="should contain scope property" time="0.055" classname="Firefox_31_0_0_(Linux_0_0_0).unit.MmModalWarningUnsavedForm"/>
  <testcase name="should add from service to array" time="0.044" classname="Firefox_31_0_0_(Linux_0_0_0).unit.MmModalWarningUnsavedForm"/>
  <testcase name="should not open modal if forms are not clean" time="0.044" classname="Firefox_31_0_0_(Linux_0_0_0).unit.MmModalWarningUnsavedForm"/>
  <testcase name="should open modal if forms are clean" time="0.042" classname="Firefox_31_0_0_(Linux_0_0_0).unit.MmModalWarningUnsavedForm"/>
  <testcase name="should contain restrict property set to A" time="0.042" classname="Firefox_31_0_0_(Linux_0_0_0).unit.MmScrollUp"/>
  <testcase name="should call $location.hash function on click" time="0" classname="Firefox_31_0_0_(Linux_0_0_0).unit.MmScrollUp">
    <skipped/>
  </testcase>
  <testcase name="should have component named `account`" time="0.039" classname="Firefox_31_0_0_(Linux_0_0_0).unit.Account"/>
  <testcase name="should have $state abstract set to `true`" time="0.035" classname="Firefox_31_0_0_(Linux_0_0_0).unit.Account"/>
  <testcase name="should respond to '/account' URL" time="0.038" classname="Firefox_31_0_0_(Linux_0_0_0).unit.Account"/>
  <testcase name="should resolve 'init' for '/account' state" time="0.035" classname="Firefox_31_0_0_(Linux_0_0_0).unit.Account"/>
  <testcase name="should have access level set to 'employee,supervisor,manager,admin'" time="0.032" classname="Firefox_31_0_0_(Linux_0_0_0).unit.Account"/>
  <testcase name="should contain account component" time="0.13" classname="Firefox_31_0_0_(Linux_0_0_0).unit.Account"/>
  <testcase name="should have employee property" time="0.039" classname="Firefox_31_0_0_(Linux_0_0_0).unit.Account"/>
  <testcase name="should have component named `availability`" time="0.042" classname="Firefox_31_0_0_(Linux_0_0_0).unit.Availability"/>
  <testcase name="should respond to '/availability' URL" time="0.033" classname="Firefox_31_0_0_(Linux_0_0_0).unit.Availability"/>
  <testcase name="should have access level set to 'employee,supervisor,manager,admin'" time="0.035" classname="Firefox_31_0_0_(Linux_0_0_0).unit.Availability"/>
  <testcase name="should contain availability component" time="0.04" classname="Firefox_31_0_0_(Linux_0_0_0).unit.Availability"/>
  <testcase name="should have component named `documents-files`" time="0.032" classname="Firefox_31_0_0_(Linux_0_0_0).unit.DocumentsFiles"/>
  <testcase name="should respond to '/documents/1/files' URL" time="0.032" classname="Firefox_31_0_0_(Linux_0_0_0).unit.DocumentsFiles"/>
  <testcase name="should resolve 'init' for '/documents/1/files' state" time="0.032" classname="Firefox_31_0_0_(Linux_0_0_0).unit.DocumentsFiles"/>
  <testcase name="should have access level set to 'employee,supervisor,manager,admin'" time="0.037" classname="Firefox_31_0_0_(Linux_0_0_0).unit.DocumentsFiles"/>
  <testcase name="should contain documents-files component" time="0.108" classname="Firefox_31_0_0_(Linux_0_0_0).unit.DocumentsFiles"/>
  <testcase name="should have files property" time="0.032" classname="Firefox_31_0_0_(Linux_0_0_0).unit.DocumentsFiles"/>
  <testcase name="should have folderName property" time="0.032" classname="Firefox_31_0_0_(Linux_0_0_0).unit.DocumentsFiles"/>
  <testcase name="should delete document" time="0.033" classname="Firefox_31_0_0_(Linux_0_0_0).unit.DocumentsFiles"/>
  <testcase name="should have component named `documents`" time="0.034" classname="Firefox_31_0_0_(Linux_0_0_0).unit.Documents"/>
  <testcase name="should respond to '/documents' URL" time="0.043" classname="Firefox_31_0_0_(Linux_0_0_0).unit.Documents"/>
  <testcase name="should resolve 'init' for '/documents' state" time="0.032" classname="Firefox_31_0_0_(Linux_0_0_0).unit.Documents"/>
  <testcase name="should have access level set to 'employee,supervisor,manager,admin'" time="0.029" classname="Firefox_31_0_0_(Linux_0_0_0).unit.Documents"/>
  <testcase name="should contain documents component" time="0.068" classname="Firefox_31_0_0_(Linux_0_0_0).unit.Documents"/>
  <testcase name="should have documents property" time="0.031" classname="Firefox_31_0_0_(Linux_0_0_0).unit.Documents"/>
  <testcase name="should delete document" time="0.027" classname="Firefox_31_0_0_(Linux_0_0_0).unit.Documents"/>
  <testcase name="should respond to '' URL" time="0.032" classname="Firefox_31_0_0_(Linux_0_0_0).unit.AppRoute"/>
  <testcase name="should have $state abstract set to `true`" time="0.031" classname="Firefox_31_0_0_(Linux_0_0_0).unit.AppRoute"/>
  <testcase name="should have template to be defined" time="0.029" classname="Firefox_31_0_0_(Linux_0_0_0).unit.AppRoute"/>
  <testcase name="should respond to '' URL" time="0.03" classname="Firefox_31_0_0_(Linux_0_0_0).unit.AuthRoute"/>
  <testcase name="should have $state abstract set to `true`" time="0.027" classname="Firefox_31_0_0_(Linux_0_0_0).unit.AuthRoute"/>
  <testcase name="should have template to be defined" time="0.027" classname="Firefox_31_0_0_(Linux_0_0_0).unit.AuthRoute"/>
  <testcase name="should have access level set to '*'" time="0.028" classname="Firefox_31_0_0_(Linux_0_0_0).unit.AuthRoute"/>
  <testcase name="should have 403 template defined`" time="0.03" classname="Firefox_31_0_0_(Linux_0_0_0).unit.ErrorRoute"/>
  <testcase name="should respond to '/403' URL" time="0.041" classname="Firefox_31_0_0_(Linux_0_0_0).unit.ErrorRoute"/>
  <testcase name="should have access level set to '*'" time="0.031" classname="Firefox_31_0_0_(Linux_0_0_0).unit.ErrorRoute"/>
  <testcase name="should have `403` title defined" time="0.035" classname="Firefox_31_0_0_(Linux_0_0_0).unit.ErrorRoute"/>
  <testcase name="should have `403` message defined" time="0.032" classname="Firefox_31_0_0_(Linux_0_0_0).unit.ErrorRoute"/>
  <testcase name="should have `403` description defined" time="0.036" classname="Firefox_31_0_0_(Linux_0_0_0).unit.ErrorRoute"/>
  <testcase name="should have `403` button label defined" time="0.04" classname="Firefox_31_0_0_(Linux_0_0_0).unit.ErrorRoute"/>
  <testcase name="should have `root` home link defined" time="0.027" classname="Firefox_31_0_0_(Linux_0_0_0).unit.ErrorRoute"/>
  <testcase name="should have 404 template defined`" time="0.022" classname="Firefox_31_0_0_(Linux_0_0_0).unit.ErrorRoute"/>
  <testcase name="should respond to '/404' URL" time="0.022" classname="Firefox_31_0_0_(Linux_0_0_0).unit.ErrorRoute"/>
  <testcase name="should have access level set to '*'" time="0.024" classname="Firefox_31_0_0_(Linux_0_0_0).unit.ErrorRoute"/>
  <testcase name="should have `404` title defined" time="0.034" classname="Firefox_31_0_0_(Linux_0_0_0).unit.ErrorRoute"/>
  <testcase name="should have `404` message defined" time="0.033" classname="Firefox_31_0_0_(Linux_0_0_0).unit.ErrorRoute"/>
  <testcase name="should have `404` description defined" time="0.034" classname="Firefox_31_0_0_(Linux_0_0_0).unit.ErrorRoute"/>
  <testcase name="should have `404` button label defined" time="0.037" classname="Firefox_31_0_0_(Linux_0_0_0).unit.ErrorRoute"/>
  <testcase name="should have `root` home link defined" time="0.035" classname="Firefox_31_0_0_(Linux_0_0_0).unit.ErrorRoute"/>
  <testcase name="should have 500 template defined`" time="0.025" classname="Firefox_31_0_0_(Linux_0_0_0).unit.ErrorRoute"/>
  <testcase name="should respond to '/500' URL" time="0.025" classname="Firefox_31_0_0_(Linux_0_0_0).unit.ErrorRoute"/>
  <testcase name="should have access level set to '*'" time="0.031" classname="Firefox_31_0_0_(Linux_0_0_0).unit.ErrorRoute"/>
  <testcase name="should have `500` title defined" time="0.046" classname="Firefox_31_0_0_(Linux_0_0_0).unit.ErrorRoute"/>
  <testcase name="should have `500` message defined" time="0.038" classname="Firefox_31_0_0_(Linux_0_0_0).unit.ErrorRoute"/>
  <testcase name="should have `500` description defined" time="0.036" classname="Firefox_31_0_0_(Linux_0_0_0).unit.ErrorRoute"/>
  <testcase name="should have `500` button label defined" time="0.037" classname="Firefox_31_0_0_(Linux_0_0_0).unit.ErrorRoute"/>
  <testcase name="should have `root` home link defined" time="0.037" classname="Firefox_31_0_0_(Linux_0_0_0).unit.ErrorRoute"/>
  <testcase name="should have component named `employees`" time="0.029" classname="Firefox_31_0_0_(Linux_0_0_0).unit.Employees"/>
  <testcase name="should respond to '/employees' URL" time="0.031" classname="Firefox_31_0_0_(Linux_0_0_0).unit.Employees"/>
  <testcase name="should resolve 'init' for '/employees' state" time="0.03" classname="Firefox_31_0_0_(Linux_0_0_0).unit.Employees"/>
  <testcase name="should have access level set to 'manager,admin'" time="0.03" classname="Firefox_31_0_0_(Linux_0_0_0).unit.Employees"/>
  <testcase name="should contain employees component" time="0.178" classname="Firefox_31_0_0_(Linux_0_0_0).unit.Employees"/>
  <testcase name="should have positions property" time="0.035" classname="Firefox_31_0_0_(Linux_0_0_0).unit.Employees"/>
  <testcase name="should have employees property" time="0.037" classname="Firefox_31_0_0_(Linux_0_0_0).unit.Employees"/>
  <testcase name="should have listViewTable property set to true" time="0.029" classname="Firefox_31_0_0_(Linux_0_0_0).unit.Employees"/>
  <testcase name="should toggleListView" time="0.032" classname="Firefox_31_0_0_(Linux_0_0_0).unit.Employees"/>
  <testcase name="should delete employee" time="0.028" classname="Firefox_31_0_0_(Linux_0_0_0).unit.Employees"/>
  <testcase name="should have component named `partners`" time="0.042" classname="Firefox_31_0_0_(Linux_0_0_0).unit.Partners"/>
  <testcase name="should respond to '/partners' URL" time="0.037" classname="Firefox_31_0_0_(Linux_0_0_0).unit.Partners"/>
  <testcase name="should resolve 'init' for '/partners' state" time="0.039" classname="Firefox_31_0_0_(Linux_0_0_0).unit.Partners"/>
  <testcase name="should have access level set to 'manager,admin'" time="0.036" classname="Firefox_31_0_0_(Linux_0_0_0).unit.Partners"/>
  <testcase name="should contain partners component" time="0.142" classname="Firefox_31_0_0_(Linux_0_0_0).unit.Partners"/>
  <testcase name="should have partners property" time="0.038" classname="Firefox_31_0_0_(Linux_0_0_0).unit.Partners"/>
  <testcase name="should delete partner" time="0.036" classname="Firefox_31_0_0_(Linux_0_0_0).unit.Partners"/>
  <testcase name="should have component named `reports`" time="0.038" classname="Firefox_31_0_0_(Linux_0_0_0).unit.Schedule"/>
  <testcase name="should respond to '/reports' URL" time="0.044" classname="Firefox_31_0_0_(Linux_0_0_0).unit.Schedule"/>
  <testcase name="should have access level set to 'admin'" time="0.028" classname="Firefox_31_0_0_(Linux_0_0_0).unit.Schedule"/>
  <testcase name="should contain reports component" time="0.043" classname="Firefox_31_0_0_(Linux_0_0_0).unit.Schedule"/>
  <testcase name="should have component named `schedule`" time="0.032" classname="Firefox_31_0_0_(Linux_0_0_0).unit.Schedule"/>
  <testcase name="should respond to '/schedule' URL" time="0.084" classname="Firefox_31_0_0_(Linux_0_0_0).unit.Schedule"/>
  <testcase name="should have access level set to 'employee,supervisor,manager,admin'" time="0.033" classname="Firefox_31_0_0_(Linux_0_0_0).unit.Schedule"/>
  <testcase name="should contain schedule component" time="0.035" classname="Firefox_31_0_0_(Linux_0_0_0).unit.Schedule"/>
  <testcase name="should have component named `settings`" time="0.03" classname="Firefox_31_0_0_(Linux_0_0_0).unit.Settings"/>
  <testcase name="should have $state abstract set to `true`" time="0.029" classname="Firefox_31_0_0_(Linux_0_0_0).unit.Settings"/>
  <testcase name="should respond to '/settings' URL" time="0.031" classname="Firefox_31_0_0_(Linux_0_0_0).unit.Settings"/>
  <testcase name="should have access level set to 'admin'" time="0.142" classname="Firefox_31_0_0_(Linux_0_0_0).unit.Settings"/>
  <testcase name="should contain settings component" time="0.114" classname="Firefox_31_0_0_(Linux_0_0_0).unit.Settings"/>
  <testcase name="should respond to '/documents/add' URL" time="0.027" classname="Firefox_31_0_0_(Linux_0_0_0).unit.DocumentAdd"/>
  <testcase name="should correctly show the document add modal" time="0.045" classname="Firefox_31_0_0_(Linux_0_0_0).unit.DocumentAdd"/>
  <testcase name="should redirect to app.documents route when finally block is executed" time="0.038" classname="Firefox_31_0_0_(Linux_0_0_0).unit.DocumentAdd"/>
  <testcase name="should store $modalInstance into modal model" time="0.036" classname="Firefox_31_0_0_(Linux_0_0_0).unit.DocumentAdd"/>
  <testcase name="should respond to '/documents/1/edit' URL" time="0.035" classname="Firefox_31_0_0_(Linux_0_0_0).unit.DocumentEdit"/>
  <testcase name="should correctly show the document add modal" time="0.037" classname="Firefox_31_0_0_(Linux_0_0_0).unit.DocumentEdit"/>
  <testcase name="should execute modal `then` block with success and failure functions" time="0.045" classname="Firefox_31_0_0_(Linux_0_0_0).unit.DocumentEdit"/>
  <testcase name="should redirect to `app.documents` route when finally block is executed" time="0.038" classname="Firefox_31_0_0_(Linux_0_0_0).unit.DocumentEdit"/>
  <testcase name="should store $modalInstance into modal model" time="0.041" classname="Firefox_31_0_0_(Linux_0_0_0).unit.DocumentEdit"/>
  <testcase name="should respond to '/employees/add/account-details' URL" time="0.042" classname="Firefox_31_0_0_(Linux_0_0_0).unit.EmployeeAddAccountDetails"/>
  <testcase name="should have component named `employee-account-details`" time="0.037" classname="Firefox_31_0_0_(Linux_0_0_0).unit.EmployeeAddAccountDetails"/>
  <testcase name="should respond to '/employees/add/authorizations' URL" time="0.032" classname="Firefox_31_0_0_(Linux_0_0_0).unit.EmployeeAddAuthorizations"/>
  <testcase name="should have component named `employee-authorizations`" time="0.033" classname="Firefox_31_0_0_(Linux_0_0_0).unit.EmployeeAddAuthorizations"/>
  <testcase name="should have access level set to 'admin'" time="0.033" classname="Firefox_31_0_0_(Linux_0_0_0).unit.EmployeeAddAuthorizations"/>
  <testcase name="should respond to '/employees/add/bank-details' URL" time="0.036" classname="Firefox_31_0_0_(Linux_0_0_0).unit.EmployeeAddBankDetails"/>
  <testcase name="should have component named `employee-bank-details`" time="0.034" classname="Firefox_31_0_0_(Linux_0_0_0).unit.EmployeeAddBankDetails"/>
  <testcase name="should respond to '/employees/add/complete' URL" time="0.027" classname="Firefox_31_0_0_(Linux_0_0_0).unit.EmployeeAddComplete"/>
  <testcase name="should have component named `employee-complete`" time="0.032" classname="Firefox_31_0_0_(Linux_0_0_0).unit.EmployeeAddComplete"/>
  <testcase name="should respond to '/employees/add/contact-details' URL" time="0.036" classname="Firefox_31_0_0_(Linux_0_0_0).unit.EmployeeAddContactDetails"/>
  <testcase name="should have component named `employee-contact-details`" time="0.035" classname="Firefox_31_0_0_(Linux_0_0_0).unit.EmployeeAddContactDetails"/>
  <testcase name="should respond to '/employees/add/hourly-rate' URL" time="0.033" classname="Firefox_31_0_0_(Linux_0_0_0).unit.EmployeeAddHourlyRate"/>
  <testcase name="should have component named `employee-hourly-rate`" time="0.033" classname="Firefox_31_0_0_(Linux_0_0_0).unit.EmployeeAddHourlyRate"/>
  <testcase name="should respond to '/employees/1/edit/account-details' URL" time="0.031" classname="Firefox_31_0_0_(Linux_0_0_0).unit.EmployeeEditAccountDetails"/>
  <testcase name="should have component named `employee-account-details`" time="0.031" classname="Firefox_31_0_0_(Linux_0_0_0).unit.EmployeeEditAccountDetails"/>
  <testcase name="should respond to '/employees/1/edit/authorizations' URL" time="0.031" classname="Firefox_31_0_0_(Linux_0_0_0).unit.EmployeeEditAuthorizations"/>
  <testcase name="should have component named `employee-authorizations`" time="0.02" classname="Firefox_31_0_0_(Linux_0_0_0).unit.EmployeeEditAuthorizations"/>
  <testcase name="should have access level set to 'admin'" time="0.027" classname="Firefox_31_0_0_(Linux_0_0_0).unit.EmployeeEditAuthorizations"/>
  <testcase name="should respond to '/employees/1/edit/bank-details' URL" time="0.019" classname="Firefox_31_0_0_(Linux_0_0_0).unit.EmployeeEditBankDetails"/>
  <testcase name="should have component named `employee-bank-details`" time="0.017" classname="Firefox_31_0_0_(Linux_0_0_0).unit.EmployeeEditBankDetails"/>
  <testcase name="should respond to '/employees/1/edit/contact-details' URL" time="0.019" classname="Firefox_31_0_0_(Linux_0_0_0).unit.EmployeeEditContactDetails"/>
  <testcase name="should have component named `employee-contact-details`" time="0.026" classname="Firefox_31_0_0_(Linux_0_0_0).unit.EmployeeEditContactDetails"/>
  <testcase name="should respond to '/employees/1/edit/hourly-rate' URL" time="0.019" classname="Firefox_31_0_0_(Linux_0_0_0).unit.EmployeeEditHourlyRate"/>
  <testcase name="should have component named `employee-hourly-rate`" time="0.02" classname="Firefox_31_0_0_(Linux_0_0_0).unit.EmployeeEditHourlyRate"/>
  <testcase name="should respond to '/employees/1/message' URL" time="0.031" classname="Firefox_31_0_0_(Linux_0_0_0).unit.EmployeeMessage"/>
  <testcase name="should correctly show the message modal" time="0.032" classname="Firefox_31_0_0_(Linux_0_0_0).unit.EmployeeMessage"/>
  <testcase name="should redirect to `app.employees` route when finally block is executed" time="0.034" classname="Firefox_31_0_0_(Linux_0_0_0).unit.EmployeeMessage"/>
  <testcase name="should have email property" time="0.031" classname="Firefox_31_0_0_(Linux_0_0_0).unit.EmployeeMessage"/>
  <testcase name="should have isSubmitting property" time="0.037" classname="Firefox_31_0_0_(Linux_0_0_0).unit.EmployeeMessage"/>
  <testcase name="should have result property" time="0.029" classname="Firefox_31_0_0_(Linux_0_0_0).unit.EmployeeMessage"/>
  <testcase name="should have saveButtonOptions property" time="0.03" classname="Firefox_31_0_0_(Linux_0_0_0).unit.EmployeeMessage"/>
  <testcase name="should cancel modal" time="0.029" classname="Firefox_31_0_0_(Linux_0_0_0).unit.EmployeeMessage"/>
  <testcase name="should not save if form is invalid" time="0.029" classname="Firefox_31_0_0_(Linux_0_0_0).unit.EmployeeMessage"/>
  <testcase name="should save if form is valid" time="0.028" classname="Firefox_31_0_0_(Linux_0_0_0).unit.EmployeeMessage"/>
  <testcase name="should respond to '/employees/1/schedule' URL" time="0.031" classname="Firefox_31_0_0_(Linux_0_0_0).unit.EmployeeSchedule"/>
  <testcase name="should correctly show the schedule modal" time="0.031" classname="Firefox_31_0_0_(Linux_0_0_0).unit.EmployeeSchedule"/>
  <testcase name="should redirect to app.employees route when finally block is executed" time="0.032" classname="Firefox_31_0_0_(Linux_0_0_0).unit.EmployeeSchedule"/>
  <testcase name="should cancel modal" time="0.001" classname="Firefox_31_0_0_(Linux_0_0_0).unit.EmployeeSchedule"/>
  <testcase name="should respond to '/partners/add' URL" time="0.03" classname="Firefox_31_0_0_(Linux_0_0_0).unit.PartnerAdd"/>
  <testcase name="should correctly show the partner add modal" time="0.031" classname="Firefox_31_0_0_(Linux_0_0_0).unit.PartnerAdd"/>
  <testcase name="should redirect to app.partners route when finally block is executed" time="0.03" classname="Firefox_31_0_0_(Linux_0_0_0).unit.PartnerAdd"/>
  <testcase name="should store $modalInstance into modal model" time="0.029" classname="Firefox_31_0_0_(Linux_0_0_0).unit.PartnerAdd"/>
  <testcase name="should respond to '/partners/1/edit' URL" time="0.026" classname="Firefox_31_0_0_(Linux_0_0_0).unit.PartnerEdit"/>
  <testcase name="should correctly show the partner add modal" time="0.029" classname="Firefox_31_0_0_(Linux_0_0_0).unit.PartnerEdit"/>
  <testcase name="should execute modal `then` block with success and failure functions" time="0.029" classname="Firefox_31_0_0_(Linux_0_0_0).unit.PartnerEdit"/>
  <testcase name="should redirect to `app.partners` route when finally block is executed" time="0.031" classname="Firefox_31_0_0_(Linux_0_0_0).unit.PartnerEdit"/>
  <testcase name="should store $modalInstance into modal model" time="0.027" classname="Firefox_31_0_0_(Linux_0_0_0).unit.PartnerEdit"/>
  <testcase name="should have component named `currency`" time="0.028" classname="Firefox_31_0_0_(Linux_0_0_0).unit.Currency"/>
  <testcase name="should respond to '/settings/currency' URL" time="0.026" classname="Firefox_31_0_0_(Linux_0_0_0).unit.Currency"/>
  <testcase name="should resolve 'init' for '/settings/currency' state" time="0.025" classname="Firefox_31_0_0_(Linux_0_0_0).unit.Currency"/>
  <testcase name="should contain currency component" time="0.063" classname="Firefox_31_0_0_(Linux_0_0_0).unit.Currency"/>
  <testcase name="should have setting property" time="0.03" classname="Firefox_31_0_0_(Linux_0_0_0).unit.Currency"/>
  <testcase name="should have currencies property" time="0.028" classname="Firefox_31_0_0_(Linux_0_0_0).unit.Currency"/>
  <testcase name="should have isSubmitting property" time="0.026" classname="Firefox_31_0_0_(Linux_0_0_0).unit.Currency"/>
  <testcase name="should have result property" time="0.028" classname="Firefox_31_0_0_(Linux_0_0_0).unit.Currency"/>
  <testcase name="should have saveButtonOptions property" time="0.036" classname="Firefox_31_0_0_(Linux_0_0_0).unit.Currency"/>
  <testcase name="should not save if form is invalid" time="0.027" classname="Firefox_31_0_0_(Linux_0_0_0).unit.Currency"/>
  <testcase name="should save if form is valid" time="0.028" classname="Firefox_31_0_0_(Linux_0_0_0).unit.Currency"/>
  <testcase name="should have component named `language`" time="0.03" classname="Firefox_31_0_0_(Linux_0_0_0).unit.Language"/>
  <testcase name="should respond to '/settings/language' URL" time="0.033" classname="Firefox_31_0_0_(Linux_0_0_0).unit.Language"/>
  <testcase name="should resolve 'init' for '/settings/language' state" time="0.041" classname="Firefox_31_0_0_(Linux_0_0_0).unit.Language"/>
  <testcase name="should contain language component" time="0.117" classname="Firefox_31_0_0_(Linux_0_0_0).unit.Language"/>
  <testcase name="should have setting property" time="0.049" classname="Firefox_31_0_0_(Linux_0_0_0).unit.Language"/>
  <testcase name="should have partners property" time="0.041" classname="Firefox_31_0_0_(Linux_0_0_0).unit.Language"/>
  <testcase name="should have isSubmitting property" time="0.044" classname="Firefox_31_0_0_(Linux_0_0_0).unit.Language"/>
  <testcase name="should have result property" time="0.042" classname="Firefox_31_0_0_(Linux_0_0_0).unit.Language"/>
  <testcase name="should have saveButtonOptions property" time="0.038" classname="Firefox_31_0_0_(Linux_0_0_0).unit.Language"/>
  <testcase name="should not save if form is invalid" time="0.039" classname="Firefox_31_0_0_(Linux_0_0_0).unit.Language"/>
  <testcase name="should save if form is valid" time="0.038" classname="Firefox_31_0_0_(Linux_0_0_0).unit.Language"/>
  <testcase name="should respond to '/settings/locations/add' URL" time="0.106" classname="Firefox_31_0_0_(Linux_0_0_0).unit.LocationAdd"/>
  <testcase name="should correctly show the location add modal" time="0.046" classname="Firefox_31_0_0_(Linux_0_0_0).unit.LocationAdd"/>
  <testcase name="should redirect to app.settings.locations route when finally block is executed" time="0.049" classname="Firefox_31_0_0_(Linux_0_0_0).unit.LocationAdd"/>
  <testcase name="should store $modalInstance into modal model" time="0.037" classname="Firefox_31_0_0_(Linux_0_0_0).unit.LocationAdd"/>
  <testcase name="should respond to '/settings/locations/1/edit' URL" time="0.041" classname="Firefox_31_0_0_(Linux_0_0_0).unit.LocationEdit"/>
  <testcase name="should correctly show the position add modal" time="0.222" classname="Firefox_31_0_0_(Linux_0_0_0).unit.LocationEdit"/>
  <testcase name="should execute modal `then` block with success and failure functions" time="0.061" classname="Firefox_31_0_0_(Linux_0_0_0).unit.LocationEdit"/>
  <testcase name="should redirect to `app.settings.locations` route when finally block is executed" time="0.049" classname="Firefox_31_0_0_(Linux_0_0_0).unit.LocationEdit"/>
  <testcase name="should store $modalInstance into modal model" time="0.04" classname="Firefox_31_0_0_(Linux_0_0_0).unit.LocationEdit"/>
  <testcase name="should have component named `locations`" time="0.043" classname="Firefox_31_0_0_(Linux_0_0_0).unit.Positions"/>
  <testcase name="should respond to '/settings/locations' URL" time="0.044" classname="Firefox_31_0_0_(Linux_0_0_0).unit.Positions"/>
  <testcase name="should resolve 'init' for '/settings/locations' state" time="0.04" classname="Firefox_31_0_0_(Linux_0_0_0).unit.Positions"/>
  <testcase name="should contain locations component" time="0.127" classname="Firefox_31_0_0_(Linux_0_0_0).unit.Positions"/>
  <testcase name="should have locations property" time="0.025" classname="Firefox_31_0_0_(Linux_0_0_0).unit.Positions"/>
  <testcase name="should delete location" time="0.026" classname="Firefox_31_0_0_(Linux_0_0_0).unit.Positions"/>
  <testcase name="should not delete location and throw error message" time="0.041" classname="Firefox_31_0_0_(Linux_0_0_0).unit.Positions"/>
  <testcase name="should respond to '/settings/positions/add' URL" time="0.043" classname="Firefox_31_0_0_(Linux_0_0_0).unit.PositionAdd"/>
  <testcase name="should correctly show the position add modal" time="0.037" classname="Firefox_31_0_0_(Linux_0_0_0).unit.PositionAdd"/>
  <testcase name="should redirect to app.settings.positions route when finally block is executed" time="0.039" classname="Firefox_31_0_0_(Linux_0_0_0).unit.PositionAdd"/>
  <testcase name="should store $modalInstance into modal model" time="0.034" classname="Firefox_31_0_0_(Linux_0_0_0).unit.PositionAdd"/>
  <testcase name="should respond to '/settings/positions/1/edit' URL" time="0.036" classname="Firefox_31_0_0_(Linux_0_0_0).unit.PositionEdit"/>
  <testcase name="should correctly show the position add modal" time="0.036" classname="Firefox_31_0_0_(Linux_0_0_0).unit.PositionEdit"/>
  <testcase name="should execute modal `then` block with success and failure functions" time="0.021" classname="Firefox_31_0_0_(Linux_0_0_0).unit.PositionEdit"/>
  <testcase name="should redirect to `app.settings.positions` route when finally block is executed" time="0.025" classname="Firefox_31_0_0_(Linux_0_0_0).unit.PositionEdit"/>
  <testcase name="should store $modalInstance into modal model" time="0.034" classname="Firefox_31_0_0_(Linux_0_0_0).unit.PositionEdit"/>
  <testcase name="should have component named `positions`" time="0.032" classname="Firefox_31_0_0_(Linux_0_0_0).unit.Positions"/>
  <testcase name="should respond to '/settings/positions' URL" time="0.026" classname="Firefox_31_0_0_(Linux_0_0_0).unit.Positions"/>
  <testcase name="should resolve 'init' for '/settings/positions' state" time="0.034" classname="Firefox_31_0_0_(Linux_0_0_0).unit.Positions"/>
  <testcase name="should contain positions component" time="0.1" classname="Firefox_31_0_0_(Linux_0_0_0).unit.Positions"/>
  <testcase name="should have positions property" time="0.034" classname="Firefox_31_0_0_(Linux_0_0_0).unit.Positions"/>
  <testcase name="should delete position" time="0.029" classname="Firefox_31_0_0_(Linux_0_0_0).unit.Positions"/>
  <testcase name="should have `employee-hourly-rate` component" time="0.054" classname="Firefox_31_0_0_(Linux_0_0_0).unit.EmployeeHourlyRate"/>
  <testcase name="should have `Hourly Rate` title defined" time="0.048" classname="Firefox_31_0_0_(Linux_0_0_0).unit.EmployeeHourlyRate"/>
  <testcase name="should have `Hourly Rate` label defined" time="0.047" classname="Firefox_31_0_0_(Linux_0_0_0).unit.EmployeeHourlyRate"/>
  <testcase name="should show `hourlyRate` required error message" time="0.05" classname="Firefox_31_0_0_(Linux_0_0_0).unit.EmployeeHourlyRate"/>
  <testcase name="should show `hourlyRate` number error message" time="0.054" classname="Firefox_31_0_0_(Linux_0_0_0).unit.EmployeeHourlyRate"/>
  <testcase name="should show currencyCode" time="0.048" classname="Firefox_31_0_0_(Linux_0_0_0).unit.EmployeeHourlyRate"/>
  <testcase name="should submit the form" time="0.052" classname="Firefox_31_0_0_(Linux_0_0_0).unit.EmployeeHourlyRate"/>
  <testcase name="should have employee property" time="0.032" classname="Firefox_31_0_0_(Linux_0_0_0).unit.EmployeeHourlyRate"/>
  <testcase name="should have employee.currencyCode set to setting currencyCode if employee.currencyCode is undefined" time="0.03" classname="Firefox_31_0_0_(Linux_0_0_0).unit.EmployeeHourlyRate"/>
  <testcase name="should have employee.currencySymbol set to setting currencySymbol if employee.currencySymbol is undefined" time="0.031" classname="Firefox_31_0_0_(Linux_0_0_0).unit.EmployeeHourlyRate"/>
  <testcase name="should have `modal-position` component" time="0.081" classname="Firefox_31_0_0_(Linux_0_0_0).unit.ModalPosition"/>
  <testcase name="should have `alert-danger` component defined with attributes `error-message` and `has-error`" time="0.077" classname="Firefox_31_0_0_(Linux_0_0_0).unit.ModalPosition"/>
  <testcase name="should have `Edit Position` modal title defined when position ID exist" time="0.073" classname="Firefox_31_0_0_(Linux_0_0_0).unit.ModalPosition"/>
  <testcase name="should have `Add Position` modal title defined when position ID does not exist" time="0.081" classname="Firefox_31_0_0_(Linux_0_0_0).unit.ModalPosition"/>
  <testcase name="should have `×` label defined for close button" time="0.075" classname="Firefox_31_0_0_(Linux_0_0_0).unit.ModalPosition"/>
  <testcase name="should close the Position modal when `×` button is clicked" time="0.074" classname="Firefox_31_0_0_(Linux_0_0_0).unit.ModalPosition"/>
  <testcase name="should have `Close` label defined for close button" time="0.07" classname="Firefox_31_0_0_(Linux_0_0_0).unit.ModalPosition"/>
  <testcase name="should close the Position modal when `Close` button is clicked" time="0.091" classname="Firefox_31_0_0_(Linux_0_0_0).unit.ModalPosition"/>
  <testcase name="should call `vm.save` when submit is clicked" time="0.076" classname="Firefox_31_0_0_(Linux_0_0_0).unit.ModalPosition"/>
  <testcase name="should have `jp-ng-bs-animated-button` component defined with attributes `is-submitting`, `result` and `options`" time="0.069" classname="Firefox_31_0_0_(Linux_0_0_0).unit.ModalPosition"/>
  <testcase name="should have `Name` label defined" time="0.068" classname="Firefox_31_0_0_(Linux_0_0_0).unit.ModalPosition"/>
  <testcase name="should show `name` required error message" time="0.085" classname="Firefox_31_0_0_(Linux_0_0_0).unit.ModalPosition"/>
  <testcase name="should show `name` maxlength error message" time="0.085" classname="Firefox_31_0_0_(Linux_0_0_0).unit.ModalPosition"/>
  <testcase name="should have modal property" time="0.028" classname="Firefox_31_0_0_(Linux_0_0_0).unit.ModalPosition"/>
  <testcase name="should have position property" time="0.027" classname="Firefox_31_0_0_(Linux_0_0_0).unit.ModalPosition"/>
  <testcase name="should have isSubmitting property" time="0.021" classname="Firefox_31_0_0_(Linux_0_0_0).unit.ModalPosition"/>
  <testcase name="should have result property" time="0.027" classname="Firefox_31_0_0_(Linux_0_0_0).unit.ModalPosition"/>
  <testcase name="should have saveButtonOptions property" time="0.028" classname="Firefox_31_0_0_(Linux_0_0_0).unit.ModalPosition"/>
  <testcase name="should cancel modal" time="0.027" classname="Firefox_31_0_0_(Linux_0_0_0).unit.ModalPosition"/>
  <testcase name="should not save if form is invalid" time="0.027" classname="Firefox_31_0_0_(Linux_0_0_0).unit.ModalPosition"/>
  <testcase name="should save if form is valid" time="0.028" classname="Firefox_31_0_0_(Linux_0_0_0).unit.ModalPosition"/>
  <testcase name="should create a run block" time="0.027" classname="Firefox_31_0_0_(Linux_0_0_0).unit.ngDecorators"/>
  <testcase name="should create a service" time="0.028" classname="Firefox_31_0_0_(Linux_0_0_0).unit.ngDecorators"/>
  <testcase name="should throw error if @Service() does not have serviceName property" time="0" classname="Firefox_31_0_0_(Linux_0_0_0).unit.ngDecorators"/>
  <testcase name="should create a filter" time="0.037" classname="Firefox_31_0_0_(Linux_0_0_0).unit.ngDecorators"/>
  <testcase name="should throw error if @Filter() does not have filterName property" time="0" classname="Firefox_31_0_0_(Linux_0_0_0).unit.ngDecorators"/>
  <testcase name="should inject dependencies to class" time="0" classname="Firefox_31_0_0_(Linux_0_0_0).unit.ngDecorators"/>
  <testcase name="should inject dependencies into function" time="0" classname="Firefox_31_0_0_(Linux_0_0_0).unit.ngDecorators"/>
  <testcase name="should create a component" time="0.034" classname="Firefox_31_0_0_(Linux_0_0_0).unit.ngDecorators"/>
  <testcase name="should throw error if @Component() does not have selector property" time="0" classname="Firefox_31_0_0_(Linux_0_0_0).unit.ngDecorators"/>
  <testcase name="should throw error if @View() before @Component()" time="0" classname="Firefox_31_0_0_(Linux_0_0_0).unit.ngDecorators"/>
  <testcase name="should create a directive" time="0.035" classname="Firefox_31_0_0_(Linux_0_0_0).unit.ngDecorators"/>
  <testcase name="should create a route" time="0.02" classname="Firefox_31_0_0_(Linux_0_0_0).unit.ngDecorators"/>
  <testcase name="should overwrite the default behaviour for $uiViewScroll service" time="0.001" classname="Firefox_31_0_0_(Linux_0_0_0).unit.Config"/>
  <testcase name="should add ApiUrlHttpInterceptor to $httpProvider.interceptors" time="0" classname="Firefox_31_0_0_(Linux_0_0_0).unit.Config"/>
  <testcase name="should add HttpAuthenticationInterceptor to $httpProvider.interceptors" time="0" classname="Firefox_31_0_0_(Linux_0_0_0).unit.Config"/>
  <testcase name="should add HttpRetryInterceptor to $httpProvider.interceptors" time="0.001" classname="Firefox_31_0_0_(Linux_0_0_0).unit.Config"/>
  <testcase name="should use the HTML5 History API (set to true)" time="0" classname="Firefox_31_0_0_(Linux_0_0_0).unit.Config"/>
  <testcase name="should redirect to `/404` for any unmatched url route" time="0.005" classname="Firefox_31_0_0_(Linux_0_0_0).unit.Config"/>
  <testcase name="should redirect to `/schedule` when url match `/home`" time="0.001" classname="Firefox_31_0_0_(Linux_0_0_0).unit.Config"/>
  <testcase name="should set currentUser to $rootScope" time="0.033" classname="Firefox_31_0_0_(Linux_0_0_0).unit.Config"/>
  <testcase name="should set ACCESS_LEVELS to $rootScope" time="0.024" classname="Firefox_31_0_0_(Linux_0_0_0).unit.Config"/>
  <testcase name="should catch unauthorised route changes when `data.access` is undefined and redirect to `403`" time="0.022" classname="Firefox_31_0_0_(Linux_0_0_0).unit.Config"/>
  <testcase name="should catch unauthorised route changes when user is authenticated and redirect to `403`" time="0.019" classname="Firefox_31_0_0_(Linux_0_0_0).unit.Config"/>
  <testcase name="should catch unauthenticated route changes when user is not authenticated and redirect to `login`" time="0.021" classname="Firefox_31_0_0_(Linux_0_0_0).unit.Config"/>
  <testcase name="should not redirect to `login` or `403` when user is unauthenticated and toState name is equal to `auth.login`" time="0.032" classname="Firefox_31_0_0_(Linux_0_0_0).unit.Config"/>
  <testcase name="should redirect to `app.schedule` when user is authenticated and toState url is equal to `/`" time="0.029" classname="Firefox_31_0_0_(Linux_0_0_0).unit.Config"/>
  <testcase name="should not redirect to `app.schedule` when user is authenticated and toState url is not equal to `/`" time="0.031" classname="Firefox_31_0_0_(Linux_0_0_0).unit.Config"/>
  <testcase name="should catch error route changes and redirect to `500`" time="0.031" classname="Firefox_31_0_0_(Linux_0_0_0).unit.Config"/>
  <testcase name="should have employee property" time="0.033" classname="Firefox_31_0_0_(Linux_0_0_0).unit.EmployeeAuthorizations"/>
  <testcase name="should have roles property" time="0.028" classname="Firefox_31_0_0_(Linux_0_0_0).unit.EmployeeAuthorizations"/>
  <testcase name="should have locations property" time="0.029" classname="Firefox_31_0_0_(Linux_0_0_0).unit.EmployeeAuthorizations"/>
  <testcase name="should have employee.role set to employee if employee.role is undefined" time="0.021" classname="Firefox_31_0_0_(Linux_0_0_0).unit.EmployeeAuthorizations"/>
  <testcase name="should have employee.locations set to default location if employee.locations is undefined" time="0.018" classname="Firefox_31_0_0_(Linux_0_0_0).unit.EmployeeAuthorizations"/>
  <testcase name="should have employee.supervisorLocations set to [] if employee.supervisorLocations is undefined" time="0.053" classname="Firefox_31_0_0_(Linux_0_0_0).unit.EmployeeAuthorizations"/>
  <testcase name="should have employee.isSupervisor set to true is employee.role is equal to supervisor" time="0.065" classname="Firefox_31_0_0_(Linux_0_0_0).unit.EmployeeAuthorizations"/>
  <testcase name="should delete supervisor locations when employee.role is not equal supervisor" time="0.052" classname="Firefox_31_0_0_(Linux_0_0_0).unit.EmployeeAuthorizations"/>
  <testcase name="should not delete supervisor locations when employee.role is equal supervisor" time="0.044" classname="Firefox_31_0_0_(Linux_0_0_0).unit.EmployeeAuthorizations"/>
  <testcase name="should set employee.supervisorLocations to []" time="0.047" classname="Firefox_31_0_0_(Linux_0_0_0).unit.EmployeeAuthorizations"/>
  <testcase name="should select all locations with id" time="0.047" classname="Firefox_31_0_0_(Linux_0_0_0).unit.EmployeeAuthorizations"/>
  <testcase name="should select new one" time="0.028" classname="Firefox_31_0_0_(Linux_0_0_0).unit.EmployeeAuthorizations"/>
  <testcase name="should unselect current one" time="0.023" classname="Firefox_31_0_0_(Linux_0_0_0).unit.EmployeeAuthorizations"/>
  <testcase name="should have '/api' prefix url" time="0" classname="Firefox_31_0_0_(Linux_0_0_0).unit.HttpApiUrlInterceptor"/>
  <testcase name="should return 'response.data' object" time="0" classname="Firefox_31_0_0_(Linux_0_0_0).unit.HttpApiUrlInterceptor"/>
  <testcase name="should return 'response' object" time="0.001" classname="Firefox_31_0_0_(Linux_0_0_0).unit.HttpApiUrlInterceptor"/>
  <testcase name="should not prepend api url for none API request" time="0" classname="Firefox_31_0_0_(Linux_0_0_0).unit.HttpApiUrlInterceptor"/>
  <testcase name="should prepend api url for API request" time="0" classname="Firefox_31_0_0_(Linux_0_0_0).unit.HttpApiUrlInterceptor"/>
  <testcase name="should set Accept and Content-Type headers for POST request" time="0" classname="Firefox_31_0_0_(Linux_0_0_0).unit.HttpApiUrlInterceptor"/>
  <testcase name="should set Accept and Content-Type headers for PUT request" time="0.044" classname="Firefox_31_0_0_(Linux_0_0_0).unit.HttpApiUrlInterceptor"/>
  <testcase name="should not set Content-Type headers for GET request" time="0" classname="Firefox_31_0_0_(Linux_0_0_0).unit.HttpApiUrlInterceptor"/>
  <testcase name="should prepend api url for API request if apiUrl is undefined" time="0" classname="Firefox_31_0_0_(Linux_0_0_0).unit.HttpApiUrlInterceptor"/>
  <testcase name="should have `employee-bank-details` component" time="0.066" classname="Firefox_31_0_0_(Linux_0_0_0).unit.EmployeeBankDetails"/>
  <testcase name="should have `Bank Details` title defined" time="0.074" classname="Firefox_31_0_0_(Linux_0_0_0).unit.EmployeeBankDetails"/>
  <testcase name="should have `Bank Name` label defined" time="0.064" classname="Firefox_31_0_0_(Linux_0_0_0).unit.EmployeeBankDetails"/>
  <testcase name="should show `bankName` maxlength error message" time="0.054" classname="Firefox_31_0_0_(Linux_0_0_0).unit.EmployeeBankDetails"/>
  <testcase name="should have `Account Number` label defined" time="0.043" classname="Firefox_31_0_0_(Linux_0_0_0).unit.EmployeeBankDetails"/>
  <testcase name="should show `bankAccountName` maxlength error message" time="0.229" classname="Firefox_31_0_0_(Linux_0_0_0).unit.EmployeeBankDetails"/>
  <testcase name="should have `Account Name` label defined" time="0.085" classname="Firefox_31_0_0_(Linux_0_0_0).unit.EmployeeBankDetails"/>
  <testcase name="should show `bankAccountName` maxlength error message" time="0.082" classname="Firefox_31_0_0_(Linux_0_0_0).unit.EmployeeBankDetails"/>
  <testcase name="should submit the form" time="0.064" classname="Firefox_31_0_0_(Linux_0_0_0).unit.EmployeeBankDetails"/>
  <testcase name="should have employee property" time="0.045" classname="Firefox_31_0_0_(Linux_0_0_0).unit.EmployeeBankDetails"/>
  <testcase name="should have `employee-contact-details` component" time="0.073" classname="Firefox_31_0_0_(Linux_0_0_0).unit.EmployeeContactDetails"/>
  <testcase name="should have `Contact Details` title defined" time="0.073" classname="Firefox_31_0_0_(Linux_0_0_0).unit.EmployeeContactDetails"/>
  <testcase name="should have `Phone Number` label defined" time="0.05" classname="Firefox_31_0_0_(Linux_0_0_0).unit.EmployeeContactDetails"/>
  <testcase name="should show `phoneNumber` maxlength error message" time="0.049" classname="Firefox_31_0_0_(Linux_0_0_0).unit.EmployeeContactDetails"/>
  <testcase name="should have `Address` label defined" time="0.042" classname="Firefox_31_0_0_(Linux_0_0_0).unit.EmployeeContactDetails"/>
  <testcase name="should show `address` maxlength error message" time="0.053" classname="Firefox_31_0_0_(Linux_0_0_0).unit.EmployeeContactDetails"/>
  <testcase name="should have `City` label defined" time="0.046" classname="Firefox_31_0_0_(Linux_0_0_0).unit.EmployeeContactDetails"/>
  <testcase name="should show `city` maxlength error message" time="0.047" classname="Firefox_31_0_0_(Linux_0_0_0).unit.EmployeeContactDetails"/>
  <testcase name="should have `Zip Code` label defined" time="0.045" classname="Firefox_31_0_0_(Linux_0_0_0).unit.EmployeeContactDetails"/>
  <testcase name="should show `zipCode` maxlength error message" time="0.062" classname="Firefox_31_0_0_(Linux_0_0_0).unit.EmployeeContactDetails"/>
  <testcase name="should submit the form" time="0.062" classname="Firefox_31_0_0_(Linux_0_0_0).unit.EmployeeContactDetails"/>
  <testcase name="should have employee property" time="0.033" classname="Firefox_31_0_0_(Linux_0_0_0).unit.EmployeeContactDetails"/>
  <testcase name="should have 'resource' property set to EmployeeModel" time="0.001" classname="Firefox_31_0_0_(Linux_0_0_0).unit.EmployeeModel"/>
  <testcase name="should have 'profileCompleteness' property set to empty object" time="0" classname="Firefox_31_0_0_(Linux_0_0_0).unit.EmployeeModel"/>
  <testcase name="should get 'profileCompleteness'" time="0.001" classname="Firefox_31_0_0_(Linux_0_0_0).unit.EmployeeModel"/>
  <testcase name="should calculate profileCompleteness for ACCOUNT type with all required fields fill in" time="0.001" classname="Firefox_31_0_0_(Linux_0_0_0).unit.EmployeeModel"/>
  <testcase name="should calculate profileCompleteness for ACCOUNT type with all required fields not fill in" time="0.001" classname="Firefox_31_0_0_(Linux_0_0_0).unit.EmployeeModel"/>
  <testcase name="should calculate profileCompleteness for ACCOUNT type with all required fields fill in" time="0" classname="Firefox_31_0_0_(Linux_0_0_0).unit.EmployeeModel"/>
  <testcase name="should calculate profileCompleteness for EMPLOYEE type with all required fields not fill in" time="0" classname="Firefox_31_0_0_(Linux_0_0_0).unit.EmployeeModel"/>
  <testcase name="should calculate profileCompleteness for EMPLOYEE type with all required fields fill in" time="0" classname="Firefox_31_0_0_(Linux_0_0_0).unit.EmployeeModel"/>
  <testcase name="should contain require property set to ngModel" time="0.044" classname="Firefox_31_0_0_(Linux_0_0_0).unit.MmColorHexValidator"/>
  <testcase name="should contain restrict property set to A" time="0.043" classname="Firefox_31_0_0_(Linux_0_0_0).unit.MmColorHexValidator"/>
  <testcase name="should pass validation with valid HEX colors" time="0.052" classname="Firefox_31_0_0_(Linux_0_0_0).unit.MmColorHexValidator"/>
  <testcase name="should not pass validation with invalid HEX colors" time="0.047" classname="Firefox_31_0_0_(Linux_0_0_0).unit.MmColorHexValidator"/>
  <testcase name="should have `modal-document` component" time="0.098" classname="Firefox_31_0_0_(Linux_0_0_0).unit.DocumentModal"/>
  <testcase name="should have `alert-danger` component defined with attributes `error-message` and `has-error`" time="0.093" classname="Firefox_31_0_0_(Linux_0_0_0).unit.DocumentModal"/>
  <testcase name="should have `Edit Folder` modal title defined when location ID exist" time="0.093" classname="Firefox_31_0_0_(Linux_0_0_0).unit.DocumentModal"/>
  <testcase name="should have `Add Folder` modal title defined when location ID does not exist" time="0.091" classname="Firefox_31_0_0_(Linux_0_0_0).unit.DocumentModal"/>
  <testcase name="should have `×` label defined for close button" time="0.082" classname="Firefox_31_0_0_(Linux_0_0_0).unit.DocumentModal"/>
  <testcase name="should close the Document modal when `×` button is clicked" time="0.084" classname="Firefox_31_0_0_(Linux_0_0_0).unit.DocumentModal"/>
  <testcase name="should have `Close` label defined for close button" time="0.082" classname="Firefox_31_0_0_(Linux_0_0_0).unit.DocumentModal"/>
  <testcase name="should close the Document modal when `Close` button is clicked" time="0.088" classname="Firefox_31_0_0_(Linux_0_0_0).unit.DocumentModal"/>
  <testcase name="should call `vm.save` when submit is clicked" time="0.093" classname="Firefox_31_0_0_(Linux_0_0_0).unit.DocumentModal"/>
  <testcase name="should have `jp-ng-bs-animated-button` component defined with attributes `is-submitting`, `result` and `options`" time="0.097" classname="Firefox_31_0_0_(Linux_0_0_0).unit.DocumentModal"/>
  <testcase name="should have `Name` label defined" time="0.079" classname="Firefox_31_0_0_(Linux_0_0_0).unit.DocumentModal"/>
  <testcase name="should show `name` required error message" time="0.095" classname="Firefox_31_0_0_(Linux_0_0_0).unit.DocumentModal"/>
  <testcase name="should show `name` maxlength error message" time="0.075" classname="Firefox_31_0_0_(Linux_0_0_0).unit.DocumentModal"/>
  <testcase name="should have `Lock the folder?` label defined" time="0.077" classname="Firefox_31_0_0_(Linux_0_0_0).unit.DocumentModal"/>
  <testcase name="should show select dropdown options when isLocked is clicked" time="0.072" classname="Firefox_31_0_0_(Linux_0_0_0).unit.DocumentModal"/>
  <testcase name="should not show select dropdown options when isLocked is not clicked" time="0.072" classname="Firefox_31_0_0_(Linux_0_0_0).unit.DocumentModal"/>
  <testcase name="should have `who has not access` label defined" time="0.055" classname="Firefox_31_0_0_(Linux_0_0_0).unit.DocumentModal"/>
  <testcase name="should have `who has access` label defined" time="0.074" classname="Firefox_31_0_0_(Linux_0_0_0).unit.DocumentModal"/>
  <testcase name="should show dropdown options order by firstName" time="0.078" classname="Firefox_31_0_0_(Linux_0_0_0).unit.DocumentModal"/>
  <testcase name="should have `who has access` label defined" time="0.078" classname="Firefox_31_0_0_(Linux_0_0_0).unit.DocumentModal"/>
  <testcase name="should show dropdown options order by firstName" time="0.078" classname="Firefox_31_0_0_(Linux_0_0_0).unit.DocumentModal"/>
  <testcase name="should call `vm.addAccess` when arrow-right button is clicked" time="0.079" classname="Firefox_31_0_0_(Linux_0_0_0).unit.DocumentModal"/>
  <testcase name="should call `vm.removeAccess` when arrow-left button is clicked" time="0.088" classname="Firefox_31_0_0_(Linux_0_0_0).unit.DocumentModal"/>
  <testcase name="should have modal property" time="0.027" classname="Firefox_31_0_0_(Linux_0_0_0).unit.DocumentModal"/>
  <testcase name="should have document property" time="0.025" classname="Firefox_31_0_0_(Linux_0_0_0).unit.DocumentModal"/>
  <testcase name="should have employees property" time="0.019" classname="Firefox_31_0_0_(Linux_0_0_0).unit.DocumentModal"/>
  <testcase name="should have selectedEmployeeWithAccess set to empty array" time="0.028" classname="Firefox_31_0_0_(Linux_0_0_0).unit.DocumentModal"/>
  <testcase name="should have selectedEmployeeWithoutAccess set to empty array" time="0.016" classname="Firefox_31_0_0_(Linux_0_0_0).unit.DocumentModal"/>
  <testcase name="should have isSubmitting property" time="0.028" classname="Firefox_31_0_0_(Linux_0_0_0).unit.DocumentModal"/>
  <testcase name="should have result property" time="0.03" classname="Firefox_31_0_0_(Linux_0_0_0).unit.DocumentModal"/>
  <testcase name="should have saveButtonOptions property" time="0.031" classname="Firefox_31_0_0_(Linux_0_0_0).unit.DocumentModal"/>
  <testcase name="should have employeesWithAccess set to empty array for document id that is undefined" time="0.03" classname="Firefox_31_0_0_(Linux_0_0_0).unit.DocumentModal"/>
  <testcase name="should have employeesWithoutAccess set to employees for document id that is undefined" time="0.021" classname="Firefox_31_0_0_(Linux_0_0_0).unit.DocumentModal"/>
  <testcase name="should have employeesWithAccess set to filtered employees with access for document id that is defined" time="0.018" classname="Firefox_31_0_0_(Linux_0_0_0).unit.DocumentModal"/>
  <testcase name="should have employeesWithoutAccess set to filtered employees without access id that is defined" time="0.017" classname="Firefox_31_0_0_(Linux_0_0_0).unit.DocumentModal"/>
  <testcase name="should cancel modal" time="0.037" classname="Firefox_31_0_0_(Linux_0_0_0).unit.DocumentModal"/>
  <testcase name="should not save if form is invalid" time="0.026" classname="Firefox_31_0_0_(Linux_0_0_0).unit.DocumentModal"/>
  <testcase name="should save if form is valid" time="0.028" classname="Firefox_31_0_0_(Linux_0_0_0).unit.DocumentModal"/>
  <testcase name="should keep document.employees empty if document is not locked" time="0.03" classname="Firefox_31_0_0_(Linux_0_0_0).unit.DocumentModal"/>
  <testcase name="should add employeesWithAccess to document.employees if document is locked" time="0.03" classname="Firefox_31_0_0_(Linux_0_0_0).unit.DocumentModal"/>
  <testcase name="should add employees with access" time="0.019" classname="Firefox_31_0_0_(Linux_0_0_0).unit.DocumentModal"/>
  <testcase name="should not add employees with access" time="0.019" classname="Firefox_31_0_0_(Linux_0_0_0).unit.DocumentModal"/>
  <testcase name="should remove employees with access" time="0.02" classname="Firefox_31_0_0_(Linux_0_0_0).unit.DocumentModal"/>
  <testcase name="should not remove employees with access" time="0.018" classname="Firefox_31_0_0_(Linux_0_0_0).unit.DocumentModal"/>
  <testcase name="should have `modal-partner` component" time="0.08" classname="Firefox_31_0_0_(Linux_0_0_0).unit.ModalPartner"/>
  <testcase name="should have `alert-danger` component defined with attributes `error-message` and `has-error`" time="0.103" classname="Firefox_31_0_0_(Linux_0_0_0).unit.ModalPartner"/>
  <testcase name="should have `Edit Partner` modal title defined when partner ID exist" time="0.094" classname="Firefox_31_0_0_(Linux_0_0_0).unit.ModalPartner"/>
  <testcase name="should have `Add Partner` modal title defined when partner ID does not exist" time="0.099" classname="Firefox_31_0_0_(Linux_0_0_0).unit.ModalPartner"/>
  <testcase name="should have `×` label defined for close button" time="0.083" classname="Firefox_31_0_0_(Linux_0_0_0).unit.ModalPartner"/>
  <testcase name="should close the Partner modal when `×` button is clicked" time="0.12" classname="Firefox_31_0_0_(Linux_0_0_0).unit.ModalPartner"/>
  <testcase name="should have `Close` label defined for close button" time="0.181" classname="Firefox_31_0_0_(Linux_0_0_0).unit.ModalPartner"/>
  <testcase name="should close the Partner modal when `Close` button is clicked" time="0.156" classname="Firefox_31_0_0_(Linux_0_0_0).unit.ModalPartner"/>
  <testcase name="should call `vm.save` when submit is clicked" time="0.153" classname="Firefox_31_0_0_(Linux_0_0_0).unit.ModalPartner"/>
  <testcase name="should have `jp-ng-bs-animated-button` component defined with attributes `is-submitting`, `result` and `options`" time="0.136" classname="Firefox_31_0_0_(Linux_0_0_0).unit.ModalPartner"/>
  <testcase name="should have `Name` label defined" time="0.109" classname="Firefox_31_0_0_(Linux_0_0_0).unit.ModalPartner"/>
  <testcase name="should show `name` required error message" time="0.156" classname="Firefox_31_0_0_(Linux_0_0_0).unit.ModalPartner"/>
  <testcase name="should show `name` maxlength error message" time="0.466" classname="Firefox_31_0_0_(Linux_0_0_0).unit.ModalPartner"/>
  <testcase name="should have `Contact Person` label defined" time="0.129" classname="Firefox_31_0_0_(Linux_0_0_0).unit.ModalPartner"/>
  <testcase name="should show `contactPerson` maxlength error message" time="0.14" classname="Firefox_31_0_0_(Linux_0_0_0).unit.ModalPartner"/>
  <testcase name="should have `Email` label defined" time="0.139" classname="Firefox_31_0_0_(Linux_0_0_0).unit.ModalPartner"/>
  <testcase name="should show `email` email error message" time="0.137" classname="Firefox_31_0_0_(Linux_0_0_0).unit.ModalPartner"/>
  <testcase name="should show `email` maxlength error message" time="0.125" classname="Firefox_31_0_0_(Linux_0_0_0).unit.ModalPartner"/>
  <testcase name="should have `Phone Number` label defined" time="0.102" classname="Firefox_31_0_0_(Linux_0_0_0).unit.ModalPartner"/>
  <testcase name="should show `phoneNumber` maxlength error message" time="0.124" classname="Firefox_31_0_0_(Linux_0_0_0).unit.ModalPartner"/>
  <testcase name="should have `Color` label defined" time="0.104" classname="Firefox_31_0_0_(Linux_0_0_0).unit.ModalPartner"/>
  <testcase name="should show `color` required error message" time="0.116" classname="Firefox_31_0_0_(Linux_0_0_0).unit.ModalPartner"/>
  <testcase name="should show `color` hex error message" time="0.132" classname="Firefox_31_0_0_(Linux_0_0_0).unit.ModalPartner"/>
  <testcase name="should have `colorpicker` attribute defined" time="0.123" classname="Firefox_31_0_0_(Linux_0_0_0).unit.ModalPartner"/>
  <testcase name="should have `Status` label defined" time="0.107" classname="Firefox_31_0_0_(Linux_0_0_0).unit.ModalPartner"/>
  <testcase name="should show statuses dropdown options" time="0.107" classname="Firefox_31_0_0_(Linux_0_0_0).unit.ModalPartner"/>
  <testcase name="should show status field when partner ID exist" time="0.109" classname="Firefox_31_0_0_(Linux_0_0_0).unit.ModalPartner"/>
  <testcase name="should hide status field when partner ID does not exist" time="0.102" classname="Firefox_31_0_0_(Linux_0_0_0).unit.ModalPartner"/>
  <testcase name="should have `Note` label defined" time="0.1" classname="Firefox_31_0_0_(Linux_0_0_0).unit.ModalPartner"/>
  <testcase name="should show `note` maxlength error message" time="0.112" classname="Firefox_31_0_0_(Linux_0_0_0).unit.ModalPartner"/>
  <testcase name="should have modal property" time="0.037" classname="Firefox_31_0_0_(Linux_0_0_0).unit.ModalPartner"/>
  <testcase name="should have partner property" time="0.034" classname="Firefox_31_0_0_(Linux_0_0_0).unit.ModalPartner"/>
  <testcase name="should have partner.status set to active if partner.status is null" time="0.031" classname="Firefox_31_0_0_(Linux_0_0_0).unit.ModalPartner"/>
  <testcase name="should have statusTypes property" time="0.037" classname="Firefox_31_0_0_(Linux_0_0_0).unit.ModalPartner"/>
  <testcase name="should have isSubmitting property" time="0.138" classname="Firefox_31_0_0_(Linux_0_0_0).unit.ModalPartner"/>
  <testcase name="should have result property" time="0.031" classname="Firefox_31_0_0_(Linux_0_0_0).unit.ModalPartner"/>
  <testcase name="should have saveButtonOptions property" time="0.029" classname="Firefox_31_0_0_(Linux_0_0_0).unit.ModalPartner"/>
  <testcase name="should cancel modal" time="0.029" classname="Firefox_31_0_0_(Linux_0_0_0).unit.ModalPartner"/>
  <testcase name="should not save if form is invalid" time="0.03" classname="Firefox_31_0_0_(Linux_0_0_0).unit.ModalPartner"/>
  <testcase name="should save if form is valid" time="0.03" classname="Firefox_31_0_0_(Linux_0_0_0).unit.ModalPartner"/>
  <testcase name="should contain header component" time="0.073" classname="Firefox_31_0_0_(Linux_0_0_0).unit.Header"/>
  <testcase name="should contain Schedule label" time="0.065" classname="Firefox_31_0_0_(Linux_0_0_0).unit.Header"/>
  <testcase name="should redirect to Schedule page" time="0.067" classname="Firefox_31_0_0_(Linux_0_0_0).unit.Header"/>
  <testcase name="should contain Availability label" time="0.074" classname="Firefox_31_0_0_(Linux_0_0_0).unit.Header"/>
  <testcase name="should redirect to Availability page" time="0.064" classname="Firefox_31_0_0_(Linux_0_0_0).unit.Header"/>
  <testcase name="should contain Documents label" time="0.063" classname="Firefox_31_0_0_(Linux_0_0_0).unit.Header"/>
  <testcase name="should redirect to Documents page" time="0.065" classname="Firefox_31_0_0_(Linux_0_0_0).unit.Header"/>
  <testcase name="should contain Employees label" time="0.07" classname="Firefox_31_0_0_(Linux_0_0_0).unit.Header"/>
  <testcase name="should redirect to Employees page" time="0.071" classname="Firefox_31_0_0_(Linux_0_0_0).unit.Header"/>
  <testcase name="should not display employees link for employee role" time="0.092" classname="Firefox_31_0_0_(Linux_0_0_0).unit.Header"/>
  <testcase name="should not display employees link for supervisor role" time="0.064" classname="Firefox_31_0_0_(Linux_0_0_0).unit.Header"/>
  <testcase name="should display employees link for manager role" time="0.061" classname="Firefox_31_0_0_(Linux_0_0_0).unit.Header"/>
  <testcase name="should contain Partners label" time="0.064" classname="Firefox_31_0_0_(Linux_0_0_0).unit.Header"/>
  <testcase name="should redirect to Partners page" time="0.065" classname="Firefox_31_0_0_(Linux_0_0_0).unit.Header"/>
  <testcase name="should not display partners link for employee role" time="0.064" classname="Firefox_31_0_0_(Linux_0_0_0).unit.Header"/>
  <testcase name="should not display partners link for supervisor role" time="0.059" classname="Firefox_31_0_0_(Linux_0_0_0).unit.Header"/>
  <testcase name="should display partners link for manager role" time="0.06" classname="Firefox_31_0_0_(Linux_0_0_0).unit.Header"/>
  <testcase name="should contain Reports label" time="0.062" classname="Firefox_31_0_0_(Linux_0_0_0).unit.Header"/>
  <testcase name="should redirect to Reports page" time="0.059" classname="Firefox_31_0_0_(Linux_0_0_0).unit.Header"/>
  <testcase name="should not display reports link for employee role" time="0.055" classname="Firefox_31_0_0_(Linux_0_0_0).unit.Header"/>
  <testcase name="should not display reports link for supervisor role" time="0.067" classname="Firefox_31_0_0_(Linux_0_0_0).unit.Header"/>
  <testcase name="should not display reports link for manager role" time="0.054" classname="Firefox_31_0_0_(Linux_0_0_0).unit.Header"/>
[...]
  <testcase name="should show `lastName` maxlength error message" time="0.105" classname="Firefox_31_0_0_(Linux_0_0_0).unit.EmployeeAccountDetails"/>
  <testcase name="should have `Email` label defined" time="0.137" classname="Firefox_31_0_0_(Linux_0_0_0).unit.EmployeeAccountDetails"/>
  <testcase name="should have debounce property set to 500" time="0.088" classname="Firefox_31_0_0_(Linux_0_0_0).unit.EmployeeAccountDetails"/>
  <testcase name="should show `email` required error message" time="0.1" classname="Firefox_31_0_0_(Linux_0_0_0).unit.EmployeeAccountDetails"/>
  <testcase name="should show `email` maxlength error message" time="0.084" classname="Firefox_31_0_0_(Linux_0_0_0).unit.EmployeeAccountDetails"/>
  <testcase name="should show `email` invalid error message" time="0.104" classname="Firefox_31_0_0_(Linux_0_0_0).unit.EmployeeAccountDetails"/>
  <testcase name="should show `email` unique error message" time="0" classname="Firefox_31_0_0_(Linux_0_0_0).unit.EmployeeAccountDetails">
    <skipped/>
  </testcase>
  <testcase name="should have `Position` label defined" time="0.081" classname="Firefox_31_0_0_(Linux_0_0_0).unit.EmployeeAccountDetails"/>
  <testcase name="should show `position` required error message" time="0.11" classname="Firefox_31_0_0_(Linux_0_0_0).unit.EmployeeAccountDetails"/>
  <testcase name="should show dropdown positions order by name" time="0.085" classname="Firefox_31_0_0_(Linux_0_0_0).unit.EmployeeAccountDetails"/>
  <testcase name="should have `Status` label defined" time="0.094" classname="Firefox_31_0_0_(Linux_0_0_0).unit.EmployeeAccountDetails"/>
  <testcase name="should show dropdown statuses" time="0.094" classname="Firefox_31_0_0_(Linux_0_0_0).unit.EmployeeAccountDetails"/>
  <testcase name="should show `status` required error message" time="0.098" classname="Firefox_31_0_0_(Linux_0_0_0).unit.EmployeeAccountDetails"/>
  <testcase name="should hide status field when employee.status is not equal pending" time="0.086" classname="Firefox_31_0_0_(Linux_0_0_0).unit.EmployeeAccountDetails"/>
  <testcase name="should hide status field when employee.id is not defined" time="0.087" classname="Firefox_31_0_0_(Linux_0_0_0).unit.EmployeeAccountDetails"/>
  <testcase name="should have `Personal No.` label defined" time="0.086" classname="Firefox_31_0_0_(Linux_0_0_0).unit.EmployeeAccountDetails"/>
  <testcase name="should show `personalNo` maxlength error message" time="0.108" classname="Firefox_31_0_0_(Linux_0_0_0).unit.EmployeeAccountDetails"/>
  <testcase name="should have `ID Card No.` label defined" time="0.084" classname="Firefox_31_0_0_(Linux_0_0_0).unit.EmployeeAccountDetails"/>
  <testcase name="should show `identityNo` maxlength error message" time="0.153" classname="Firefox_31_0_0_(Linux_0_0_0).unit.EmployeeAccountDetails"/>
  <testcase name="should have `Note` label defined" time="0.153" classname="Firefox_31_0_0_(Linux_0_0_0).unit.EmployeeAccountDetails"/>
  <testcase name="should show `note` maxlength error message" time="0.166" classname="Firefox_31_0_0_(Linux_0_0_0).unit.EmployeeAccountDetails"/>
  <testcase name="should submit the form" time="0" classname="Firefox_31_0_0_(Linux_0_0_0).unit.EmployeeAccountDetails">
    <skipped/>
  </testcase>
  <testcase name="should have statusPending property" time="0.051" classname="Firefox_31_0_0_(Linux_0_0_0).unit.EmployeeAccountDetails"/>
  <testcase name="should have statuses property" time="0.052" classname="Firefox_31_0_0_(Linux_0_0_0).unit.EmployeeAccountDetails"/>
  <testcase name="should have employee property" time="0.048" classname="Firefox_31_0_0_(Linux_0_0_0).unit.EmployeeAccountDetails"/>
  <testcase name="should have positions property" time="0.047" classname="Firefox_31_0_0_(Linux_0_0_0).unit.EmployeeAccountDetails"/>
  <testcase name="should have employee.language set to setting language if employee.language is undefined" time="0.044" classname="Firefox_31_0_0_(Linux_0_0_0).unit.EmployeeAccountDetails"/>
  <testcase name="should have employee.avatar set to setting avatar if employee.avatar is undefined" time="0.029" classname="Firefox_31_0_0_(Linux_0_0_0).unit.EmployeeAccountDetails"/>
  <testcase name="should have employee.status set to pending if employee.status is undefined" time="0.048" classname="Firefox_31_0_0_(Linux_0_0_0).unit.EmployeeAccountDetails"/>
  <testcase name="should have employee.role set to employee if employee.role is undefined" time="0.041" classname="Firefox_31_0_0_(Linux_0_0_0).unit.EmployeeAccountDetails"/>
  <testcase name="should have employee.locations set to default location if employee.locations is undefined" time="0.053" classname="Firefox_31_0_0_(Linux_0_0_0).unit.EmployeeAccountDetails"/>
  <testcase name="should set default avatar image" time="0.038" classname="Firefox_31_0_0_(Linux_0_0_0).unit.EmployeeAccountDetails"/>
  <testcase name="should add new avatar image" time="0.024" classname="Firefox_31_0_0_(Linux_0_0_0).unit.EmployeeAccountDetails"/>
  <testcase name="should have `modal-location` component" time="0.155" classname="Firefox_31_0_0_(Linux_0_0_0).unit.ModalLocation"/>
  <testcase name="should have `alert-danger` component defined with attributes `error-message` and `has-error`" time="0.1" classname="Firefox_31_0_0_(Linux_0_0_0).unit.ModalLocation"/>
  <testcase name="should have `Edit Location` modal title defined when location ID exist" time="0.098" classname="Firefox_31_0_0_(Linux_0_0_0).unit.ModalLocation"/>
  <testcase name="should have `Add Location` modal title defined when location ID does not exist" time="0.072" classname="Firefox_31_0_0_(Linux_0_0_0).unit.ModalLocation"/>
  <testcase name="should have `×` label defined for close button" time="0.075" classname="Firefox_31_0_0_(Linux_0_0_0).unit.ModalLocation"/>
  <testcase name="should close the Location modal when `×` button is clicked" time="0.088" classname="Firefox_31_0_0_(Linux_0_0_0).unit.ModalLocation"/>
  <testcase name="should have `Close` label defined for close button" time="0.085" classname="Firefox_31_0_0_(Linux_0_0_0).unit.ModalLocation"/>
  <testcase name="should close the Location modal when `Close` button is clicked" time="0.093" classname="Firefox_31_0_0_(Linux_0_0_0).unit.ModalLocation"/>
  <testcase name="should call `vm.save` when submit is clicked" time="0.114" classname="Firefox_31_0_0_(Linux_0_0_0).unit.ModalLocation"/>
  <testcase name="should have `jp-ng-bs-animated-button` component defined with attributes `is-submitting`, `result` and `options`" time="0.083" classname="Firefox_31_0_0_(Linux_0_0_0).unit.ModalLocation"/>
  <testcase name="should have `Name` label defined" time="0.088" classname="Firefox_31_0_0_(Linux_0_0_0).unit.ModalLocation"/>
  <testcase name="should show `name` required error message" time="0.089" classname="Firefox_31_0_0_(Linux_0_0_0).unit.ModalLocation"/>
  <testcase name="should show `name` maxlength error message" time="0.102" classname="Firefox_31_0_0_(Linux_0_0_0).unit.ModalLocation"/>
  <testcase name="should have `Status` label defined" time="0.086" classname="Firefox_31_0_0_(Linux_0_0_0).unit.ModalLocation"/>
  <testcase name="should show statuses dropdown options" time="0.097" classname="Firefox_31_0_0_(Linux_0_0_0).unit.ModalLocation"/>
  <testcase name="should show status field when location is not default location" time="0.658" classname="Firefox_31_0_0_(Linux_0_0_0).unit.ModalLocation"/>
  <testcase name="should hide status field when location is default location" time="0.147" classname="Firefox_31_0_0_(Linux_0_0_0).unit.ModalLocation"/>
  <testcase name="should have `Default Location` label defined" time="0.112" classname="Firefox_31_0_0_(Linux_0_0_0).unit.ModalLocation"/>
  <testcase name="should show default field when location is not default location" time="0.098" classname="Firefox_31_0_0_(Linux_0_0_0).unit.ModalLocation"/>
  <testcase name="should hide default field when location is default location" time="0.085" classname="Firefox_31_0_0_(Linux_0_0_0).unit.ModalLocation"/>
  <testcase name="should have modal property" time="0.04" classname="Firefox_31_0_0_(Linux_0_0_0).unit.ModalLocation"/>
  <testcase name="should have location property" time="0.038" classname="Firefox_31_0_0_(Linux_0_0_0).unit.ModalLocation"/>
  <testcase name="should have location.status set to active if location.status is undefined" time="0.03" classname="Firefox_31_0_0_(Linux_0_0_0).unit.ModalLocation"/>
  <testcase name="should have location.default set to false if location.default is undefined" time="0.038" classname="Firefox_31_0_0_(Linux_0_0_0).unit.ModalLocation"/>
  <testcase name="should have statusTypes property" time="0.035" classname="Firefox_31_0_0_(Linux_0_0_0).unit.ModalLocation"/>
  <testcase name="should have displayDefaultOptions property set to undefined for add modal when location.id does not exist" time="0.043" classname="Firefox_31_0_0_(Linux_0_0_0).unit.ModalLocation"/>
  <testcase name="should have displayDefaultOptions property set to true for edit modal when location.id exist and location.default is set to false" time="0.04" classname="Firefox_31_0_0_(Linux_0_0_0).unit.ModalLocation"/>
  <testcase name="should have displayDefaultOptions property set to false for edit modal when location.id exist and location.default is set to true" time="0.036" classname="Firefox_31_0_0_(Linux_0_0_0).unit.ModalLocation"/>
  <testcase name="should have isSubmitting property" time="0.034" classname="Firefox_31_0_0_(Linux_0_0_0).unit.ModalLocation"/>
  <testcase name="should have result property" time="0.033" classname="Firefox_31_0_0_(Linux_0_0_0).unit.ModalLocation"/>
  <testcase name="should have saveButtonOptions property" time="0.033" classname="Firefox_31_0_0_(Linux_0_0_0).unit.ModalLocation"/>
  <testcase name="should cancel modal" time="0.035" classname="Firefox_31_0_0_(Linux_0_0_0).unit.ModalLocation"/>
  <testcase name="should not save if form is invalid" time="0.054" classname="Firefox_31_0_0_(Linux_0_0_0).unit.ModalLocation"/>
  <testcase name="should set defaultLocation to false" time="0.038" classname="Firefox_31_0_0_(Linux_0_0_0).unit.ModalLocation"/>
  <testcase name="should set location.status to active" time="0.033" classname="Firefox_31_0_0_(Linux_0_0_0).unit.ModalLocation"/>
  <testcase name="should save data successfully" time="0.037" classname="Firefox_31_0_0_(Linux_0_0_0).unit.ModalLocation"/>
  <testcase name="should not save data and return failure" time="0.033" classname="Firefox_31_0_0_(Linux_0_0_0).unit.ModalLocation"/>
  <testcase name="should save if form is valid" time="0.031" classname="Firefox_31_0_0_(Linux_0_0_0).unit.ModalLocation"/>
  <testcase name="should set default location to true if LocationModel.getCollection.length is equal to 0" time="0.032" classname="Firefox_31_0_0_(Linux_0_0_0).unit.ModalLocation"/>
  <testcase name="should not set default location to true if LocationModel.getCollection.length is more than 0" time="0.03" classname="Firefox_31_0_0_(Linux_0_0_0).unit.ModalLocation"/>
  <testcase name="should have component named `account-details`" time="0.031" classname="Firefox_31_0_0_(Linux_0_0_0).unit.AccountDetails"/>
  <testcase name="should respond to '/account/account-details' URL" time="0.032" classname="Firefox_31_0_0_(Linux_0_0_0).unit.AccountDetails"/>
  <testcase name="should contain account-details component" time="0.12" classname="Firefox_31_0_0_(Linux_0_0_0).unit.AccountDetails"/>
  <testcase name="should have `Account Details` title defined" time="0.107" classname="Firefox_31_0_0_(Linux_0_0_0).unit.AccountDetails"/>
  <testcase name="should have `alert-danger` component defined with attributes `error-message` and `has-error`" time="0.094" classname="Firefox_31_0_0_(Linux_0_0_0).unit.AccountDetails"/>
  <testcase name="should have `mm-modal-warning-unsaved-form` component defined" time="0.094" classname="Firefox_31_0_0_(Linux_0_0_0).unit.AccountDetails"/>
  <testcase name="should have `Photo` label defined" time="0.103" classname="Firefox_31_0_0_(Linux_0_0_0).unit.AccountDetails"/>
  <testcase name="should have `Change photo` label defined" time="0.141" classname="Firefox_31_0_0_(Linux_0_0_0).unit.AccountDetails"/>
  <testcase name="should have avatar url defined" time="0.095" classname="Firefox_31_0_0_(Linux_0_0_0).unit.AccountDetails"/>
  <testcase name="should have `upload photo button` component defined with attributes `ngf-select`, `ngf-pattern`, `accept` and `ngf-max-size`" time="0.104" classname="Firefox_31_0_0_(Linux_0_0_0).unit.AccountDetails"/>
  <testcase name="should have `Upload photo` label defined" time="0.092" classname="Firefox_31_0_0_(Linux_0_0_0).unit.AccountDetails"/>
  <testcase name="should call `vm.removeAvatar` when upload photo button is clicked" time="0.068" classname="Firefox_31_0_0_(Linux_0_0_0).unit.AccountDetails"/>
  <testcase name="should have `Remove` label defined" time="0.059" classname="Firefox_31_0_0_(Linux_0_0_0).unit.AccountDetails"/>
  <testcase name="should have `First Name` label defined" time="0.059" classname="Firefox_31_0_0_(Linux_0_0_0).unit.AccountDetails"/>
  <testcase name="should show `firstName` required error message" time="0.064" classname="Firefox_31_0_0_(Linux_0_0_0).unit.AccountDetails"/>
  <testcase name="should show `firstName` maxlength error message" time="0.077" classname="Firefox_31_0_0_(Linux_0_0_0).unit.AccountDetails"/>
  <testcase name="should have `Last Name` label defined" time="0.09" classname="Firefox_31_0_0_(Linux_0_0_0).unit.AccountDetails"/>
  <testcase name="should show `lastName` required error message" time="0.1" classname="Firefox_31_0_0_(Linux_0_0_0).unit.AccountDetails"/>
  <testcase name="should show `lastName` maxlength error message" time="0.106" classname="Firefox_31_0_0_(Linux_0_0_0).unit.AccountDetails"/>
  <testcase name="should have `Email` label defined" time="0.092" classname="Firefox_31_0_0_(Linux_0_0_0).unit.AccountDetails"/>
  <testcase name="should have debounce property set to 500" time="0.096" classname="Firefox_31_0_0_(Linux_0_0_0).unit.AccountDetails"/>
  <testcase name="should show `email` required error message" time="0.103" classname="Firefox_31_0_0_(Linux_0_0_0).unit.AccountDetails"/>
  <testcase name="should show `email` maxlength error message" time="0.119" classname="Firefox_31_0_0_(Linux_0_0_0).unit.AccountDetails"/>
  <testcase name="should show `email` invalid error message" time="0.117" classname="Firefox_31_0_0_(Linux_0_0_0).unit.AccountDetails"/>
  <testcase name="should show `email` unique error message" time="0" classname="Firefox_31_0_0_(Linux_0_0_0).unit.AccountDetails">
    <skipped/>
  </testcase>
  <testcase name="should have `Note` label defined" time="0.076" classname="Firefox_31_0_0_(Linux_0_0_0).unit.AccountDetails"/>
  <testcase name="should show `note` maxlength error message" time="0.094" classname="Firefox_31_0_0_(Linux_0_0_0).unit.AccountDetails"/>
  <testcase name="should submit the form" time="0" classname="Firefox_31_0_0_(Linux_0_0_0).unit.AccountDetails">
    <skipped/>
  </testcase>
  <testcase name="should have `jp-ng-bs-animated-button` component defined with attributes `is-submitting`, `result` and `options`" time="0.09" classname="Firefox_31_0_0_(Linux_0_0_0).unit.AccountDetails"/>
  <testcase name="should have employee property" time="0.034" classname="Firefox_31_0_0_(Linux_0_0_0).unit.AccountDetails"/>
  <testcase name="should have employeeCloned property" time="0.037" classname="Firefox_31_0_0_(Linux_0_0_0).unit.AccountDetails"/>
  <testcase name="should have isSubmitting property" time="0.033" classname="Firefox_31_0_0_(Linux_0_0_0).unit.AccountDetails"/>
  <testcase name="should have result property" time="0.033" classname="Firefox_31_0_0_(Linux_0_0_0).unit.AccountDetails"/>
  <testcase name="should have saveButtonOptions property" time="0.033" classname="Firefox_31_0_0_(Linux_0_0_0).unit.AccountDetails"/>
  <testcase name="should calculate profile completeness when controller is loaded" time="0.034" classname="Firefox_31_0_0_(Linux_0_0_0).unit.AccountDetails"/>
  <testcase name="should set default avatar image" time="0.034" classname="Firefox_31_0_0_(Linux_0_0_0).unit.AccountDetails"/>
  <testcase name="should add new avatar image" time="0.036" classname="Firefox_31_0_0_(Linux_0_0_0).unit.AccountDetails"/>
  <testcase name="should not save if form is invalid" time="0.033" classname="Firefox_31_0_0_(Linux_0_0_0).unit.AccountDetails"/>
  <testcase name="should save if form is valid" time="0.035" classname="Firefox_31_0_0_(Linux_0_0_0).unit.AccountDetails"/>
  <testcase name="should have component named `contact-details`" time="0.057" classname="Firefox_31_0_0_(Linux_0_0_0).unit.ContactDetails"/>
  <testcase name="should respond to '/account/contact-details' URL" time="0.052" classname="Firefox_31_0_0_(Linux_0_0_0).unit.ContactDetails"/>
  <testcase name="should contain contact-details component" time="0.075" classname="Firefox_31_0_0_(Linux_0_0_0).unit.ContactDetails"/>
  <testcase name="should have `Contact Details` title defined" time="0.075" classname="Firefox_31_0_0_(Linux_0_0_0).unit.ContactDetails"/>
  <testcase name="should have `alert-danger` component defined with attributes `error-message` and `has-error`" time="0.072" classname="Firefox_31_0_0_(Linux_0_0_0).unit.ContactDetails"/>
  <testcase name="should have `mm-modal-warning-unsaved-form` component defined" time="0.073" classname="Firefox_31_0_0_(Linux_0_0_0).unit.ContactDetails"/>
  <testcase name="should have `Phone Number` label defined" time="0.073" classname="Firefox_31_0_0_(Linux_0_0_0).unit.ContactDetails"/>
  <testcase name="should show `phoneNumber` maxlength error message" time="0.084" classname="Firefox_31_0_0_(Linux_0_0_0).unit.ContactDetails"/>
  <testcase name="should have `Address` label defined" time="0.072" classname="Firefox_31_0_0_(Linux_0_0_0).unit.ContactDetails"/>
  <testcase name="should show `address` maxlength error message" time="0.082" classname="Firefox_31_0_0_(Linux_0_0_0).unit.ContactDetails"/>
  <testcase name="should have `City` label defined" time="0.067" classname="Firefox_31_0_0_(Linux_0_0_0).unit.ContactDetails"/>
  <testcase name="should show `city` maxlength error message" time="0.075" classname="Firefox_31_0_0_(Linux_0_0_0).unit.ContactDetails"/>
  <testcase name="should have `Zip Code` label defined" time="0.072" classname="Firefox_31_0_0_(Linux_0_0_0).unit.ContactDetails"/>
  <testcase name="should show `zipCode` maxlength error message" time="0.082" classname="Firefox_31_0_0_(Linux_0_0_0).unit.ContactDetails"/>
  <testcase name="should submit the form" time="0.117" classname="Firefox_31_0_0_(Linux_0_0_0).unit.ContactDetails"/>
  <testcase name="should have `jp-ng-bs-animated-button` component defined with attributes `is-submitting`, `result` and `options`" time="0.086" classname="Firefox_31_0_0_(Linux_0_0_0).unit.ContactDetails"/>
  <testcase name="should have employee property" time="0.03" classname="Firefox_31_0_0_(Linux_0_0_0).unit.ContactDetails"/>
  <testcase name="should have isSubmitting property" time="0.03" classname="Firefox_31_0_0_(Linux_0_0_0).unit.ContactDetails"/>
  <testcase name="should have result property" time="0.029" classname="Firefox_31_0_0_(Linux_0_0_0).unit.ContactDetails"/>
  <testcase name="should have saveButtonOptions property" time="0.029" classname="Firefox_31_0_0_(Linux_0_0_0).unit.ContactDetails"/>
  <testcase name="should calculate profile completeness when controller is loaded" time="0.03" classname="Firefox_31_0_0_(Linux_0_0_0).unit.ContactDetails"/>
  <testcase name="should not save if form is invalid" time="0.031" classname="Firefox_31_0_0_(Linux_0_0_0).unit.ContactDetails"/>
  <testcase name="should save if form is valid" time="0.03" classname="Firefox_31_0_0_(Linux_0_0_0).unit.ContactDetails"/>
  <system-out>
    <![CDATA[Firefox 31.0.0 (Linux 0.0.0) LOG: 'mock: false'
,Firefox 31.0.0 (Linux 0.0.0) LOG: 'optimize: false'
,Firefox 31.0.0 (Linux 0.0.0) LOG: 'environment: test'

]]>
  </system-out>
  <system-err/>
</testsuite>