TN:
SF:/home/travis/build/martinmicunda/employee-scheduling-ui/src/app/core/config/env.conditions.js
FNF:0
FNH:0
DA:12,1
DA:13,1
DA:14,1
DA:17,1
DA:18,1
DA:19,1
LF:6
LH:6
BRF:0
BRH:0
end_of_record
TN:
SF:/home/travis/build/martinmicunda/employee-scheduling-ui/src/app/core/constants/constants.js
FNF:0
FNH:0
DA:8,1
DA:9,1
DA:10,1
DA:18,1
DA:19,1
LF:5
LH:5
BRF:0
BRH:0
end_of_record
TN:
SF:/home/travis/build/martinmicunda/employee-scheduling-ui/src/app/components/alert-danger/alert-danger.js
FN:18,(anonymous_2)
FNF:1
FNH:1
FNDA:1,(anonymous_2)
DA:32,1
LF:1
LH:1
BRDA:24,1,0,1
BRDA:24,1,1,1
BRDA:31,2,0,1
BRDA:31,2,1,1
BRF:4
BRH:4
end_of_record
TN:
SF:/home/travis/build/martinmicunda/employee-scheduling-ui/src/app/ng-decorators.js
FN:25,Run
FN:26,decorator
FN:31,Config
FN:32,decorator
FN:37,Service
FN:38,decorator
FN:47,Filter
FN:48,decorator
FN:57,Inject
FN:62,decorator
FN:73,Component
FN:74,decorator
FN:88,View
FN:97,decorator
FN:102,(anonymous_16)
FN:108,(anonymous_17)
FN:117,Directive
FN:118,decorator
FN:124,RouteConfig
FN:125,decorator
FN:126,(anonymous_22)
FN:137,pascalCaseToCamelCase
FN:141,dashCaseToCamelCase
FN:142,(anonymous_25)
FNF:24
FNH:24
FNDA:3,Run
FNDA:3,decorator
FNDA:2,Config
FNDA:2,decorator
FNDA:29,Service
FNDA:29,decorator
FNDA:3,Filter
FNDA:3,decorator
FNDA:72,Inject
FNDA:72,decorator
FNDA:37,Component
FNDA:37,decorator
FNDA:36,View
FNDA:36,decorator
FNDA:35,(anonymous_16)
FNDA:562,(anonymous_17)
FNDA:8,Directive
FNDA:8,decorator
FNDA:48,RouteConfig
FNDA:48,decorator
FNDA:35178,(anonymous_22)
FNDA:35,pascalCaseToCamelCase
FNDA:43,dashCaseToCamelCase
FNDA:44,(anonymous_25)
DA:10,1
DA:26,1
DA:27,3
DA:28,3
DA:32,1
DA:33,2
DA:34,2
DA:38,1
DA:39,29
DA:40,29
DA:41,29
DA:42,1
DA:44,28
DA:48,1
DA:49,3
DA:50,3
DA:51,3
DA:52,1
DA:54,2
DA:58,149
DA:59,72
DA:61,72
DA:62,10
DA:63,10
DA:65,62
DA:70,1
DA:71,37
DA:72,37
DA:73,37
DA:74,1
DA:77,36
DA:78,35
DA:81,36
DA:85,1
DA:86,36
DA:87,36
DA:94,36
DA:95,36
DA:96,1
DA:99,35
DA:100,35
DA:101,35
DA:103,35
DA:105,35
DA:106,562
DA:110,35
DA:114,1
DA:115,8
DA:116,8
DA:117,8
DA:121,1
DA:122,48
DA:123,48
DA:124,35178
DA:129,48
DA:134,1
DA:135,35
DA:138,1
DA:139,43
DA:140,44
LF:60
LH:60
BRDA:39,1,0,28
BRDA:39,1,1,1
BRDA:40,2,0,1
BRDA:40,2,1,28
BRDA:49,3,0,2
BRDA:49,3,1,1
BRDA:50,4,0,1
BRDA:50,4,1,2
BRDA:64,5,0,10
BRDA:64,5,1,62
BRDA:75,6,0,36
BRDA:75,6,1,1
BRDA:76,7,0,1
BRDA:76,7,1,36
BRDA:80,8,0,35
BRDA:80,8,1,1
BRDA:89,9,0,35
BRDA:89,9,1,1
BRDA:98,10,0,1
BRDA:98,10,1,35
BRDA:106,11,0,35
BRDA:106,11,1,32
BRDA:106,11,2,32
BRF:23
BRH:23
end_of_record
TN:
SF:/home/travis/build/martinmicunda/employee-scheduling-ui/src/app/components/alert-success/alert-success.js
FN:18,(anonymous_2)
FNF:1
FNH:1
FNDA:1,(anonymous_2)
DA:32,1
LF:1
LH:1
BRDA:24,1,0,1
BRDA:24,1,1,1
BRDA:31,2,0,1
BRDA:31,2,1,1
BRF:4
BRH:4
end_of_record
TN:
SF:/home/travis/build/martinmicunda/employee-scheduling-ui/src/app/components/modal-error/modal-error.js
FN:18,(anonymous_2)
FN:19,ErrorModal
FNF:2
FNH:2
FNDA:1,(anonymous_2)
FNDA:9,ErrorModal
DA:36,1
DA:37,1
DA:38,9
DA:39,4
DA:41,5
LF:5
LH:5
BRDA:22,1,0,4
BRDA:22,1,1,5
BRDA:30,2,0,1
BRDA:30,2,1,1
BRDA:37,3,0,1
BRDA:37,3,1,1
BRF:6
BRH:6
end_of_record
TN:
SF:/home/travis/build/martinmicunda/employee-scheduling-ui/src/app/components/footer/footer.js
FN:24,(anonymous_3)
FN:25,Footer
FNF:2
FNH:2
FNDA:1,(anonymous_3)
FNDA:3,Footer
DA:19,1
DA:20,1
DA:21,3
LF:3
LH:3
BRDA:32,1,0,1
BRDA:32,1,1,1
BRDA:35,2,0,1
BRDA:35,2,1,1
BRF:4
BRH:4
end_of_record
TN:
SF:/home/travis/build/martinmicunda/employee-scheduling-ui/src/app/components/profile-completeness-bar/profile-completeness-bar.js
FN:22,(anonymous_2)
FN:23,ProfileCompletenessBar
FNF:2
FNH:2
FNDA:1,(anonymous_2)
FNDA:9,ProfileCompletenessBar
DA:29,1
DA:30,1
DA:31,9
LF:3
LH:3
BRDA:30,1,0,1
BRDA:30,1,1,1
BRDA:31,2,0,1
BRDA:31,2,1,1
BRDA:34,3,0,1
BRDA:34,3,1,1
BRF:6
BRH:6
end_of_record
TN:
SF:/home/travis/build/martinmicunda/employee-scheduling-ui/src/app/core/helpers/position-label.js
FN:16,(anonymous_5)
FN:28,positionLabelFilter
FN:29,(anonymous_8)
FN:33,(anonymous_9)
FNF:4
FNH:4
FNDA:1,(anonymous_5)
FNDA:3,positionLabelFilter
FNDA:2,(anonymous_8)
FNDA:4,(anonymous_9)
DA:17,3
DA:18,2
DA:19,1
DA:21,2
LF:4
LH:4
BRDA:30,1,0,1
BRDA:30,1,1,1
BRF:2
BRH:2
end_of_record
TN:
SF:/home/travis/build/martinmicunda/employee-scheduling-ui/src/app/core/interceptors/http-auth.js
FN:25,(anonymous_5)
FN:26,HttpAuthenticationInterceptor
FN:36,responseError
FN:53,request
FNF:4
FNH:4
FNDA:1,(anonymous_5)
FNDA:744,HttpAuthenticationInterceptor
FNDA:3,responseError
FNDA:20,request
DA:10,1
DA:17,1
DA:18,1
DA:19,744
DA:20,744
DA:21,744
DA:25,3
DA:28,1
DA:29,1
DA:30,1
DA:31,1
DA:33,1
DA:34,1
DA:37,3
DA:42,20
DA:43,20
DA:44,20
DA:45,1
DA:46,1
DA:49,20
LF:20
LH:20
BRDA:37,1,0,1
BRDA:37,1,1,1
BRDA:57,2,0,1
BRDA:57,2,1,19
BRDA:58,3,0,1
BRDA:58,3,1,1
BRDA:67,4,0,1
BRDA:67,4,1,1
BRDA:68,5,0,1
BRDA:68,5,1,1
BRF:10
BRH:10
end_of_record
TN:
SF:/home/travis/build/martinmicunda/employee-scheduling-ui/src/app/core/interceptors/http-retry.js
FN:25,(anonymous_5)
FN:26,HttpRetryInterceptor
FN:35,responseError
FNF:3
FNH:3
FNDA:1,(anonymous_5)
FNDA:743,HttpRetryInterceptor
FNDA:4,responseError
DA:10,1
DA:17,1
DA:18,1
DA:19,743
DA:20,743
DA:26,4
DA:27,3
DA:28,2
DA:30,1
DA:33,3
DA:34,2
DA:36,1
LF:12
LH:12
BRDA:38,1,0,1
BRDA:38,1,1,3
BRDA:41,2,0,2
BRDA:41,2,1,1
BRDA:47,3,0,2
BRDA:47,3,1,1
BRDA:56,4,0,1
BRDA:56,4,1,1
BRDA:57,5,0,1
BRDA:57,5,1,1
BRF:10
BRH:10
end_of_record
TN:
SF:/home/travis/build/martinmicunda/employee-scheduling-ui/src/app/core/models/currency.js
FN:32,(anonymous_5)
FN:35,CurrencyModel
FNF:2
FNH:2
FNDA:1,(anonymous_5)
FNDA:12,CurrencyModel
DA:17,1
DA:18,1
DA:19,12
LF:3
LH:3
BRDA:42,1,0,1
BRDA:42,1,1,1
BRDA:43,2,0,1
BRDA:43,2,1,1
BRF:4
BRH:4
end_of_record
TN:
SF:/home/travis/build/martinmicunda/employee-scheduling-ui/src/app/core/models/abstract-model.js
FN:16,(anonymous_5)
FN:17,AbstractModel
FN:27,initItem
FN:31,(anonymous_8)
FN:46,initCollection
FN:49,(anonymous_10)
FN:55,getItemById
FN:56,(anonymous_12)
FN:62,getItem
FN:67,setItem
FN:72,getCollection
FN:77,setCollection
FN:82,save
FN:87,(anonymous_18)
FN:95,(anonymous_19)
FN:103,_delete
FN:106,(anonymous_21)
FNF:17
FNH:17
FNDA:1,(anonymous_5)
FNDA:983,AbstractModel
FNDA:3,initItem
FNDA:2,(anonymous_8)
FNDA:1,initCollection
FNDA:1,(anonymous_10)
FNDA:4,getItemById
FNDA:1,(anonymous_12)
FNDA:456,getItem
FNDA:7,setItem
FNDA:136,getCollection
FNDA:4,setCollection
FNDA:4,save
FNDA:1,(anonymous_18)
FNDA:1,(anonymous_19)
FNDA:1,_delete
FNDA:1,(anonymous_21)
DA:9,1
DA:10,983
DA:11,983
DA:12,983
DA:16,3
DA:17,2
DA:19,1
DA:25,1
DA:30,1
DA:34,4
DA:38,456
DA:42,7
DA:46,136
DA:50,4
DA:55,4
DA:56,3
DA:57,1
DA:58,2
DA:59,1
DA:64,1
DA:65,1
DA:66,1
DA:72,1
DA:73,1
LF:24
LH:24
BRDA:30,1,0,2
BRDA:30,1,1,1
BRDA:86,2,0,3
BRDA:86,2,1,1
BRDA:89,3,0,1
BRDA:89,3,1,1
BRF:6
BRH:6
end_of_record
TN:
SF:/home/travis/build/martinmicunda/employee-scheduling-ui/src/app/core/models/language.js
FN:32,(anonymous_5)
FN:35,LanguageModel
FNF:2
FNH:2
FNDA:1,(anonymous_5)
FNDA:12,LanguageModel
DA:17,1
DA:18,1
DA:19,12
LF:3
LH:3
BRDA:42,1,0,1
BRDA:42,1,1,1
BRDA:43,2,0,1
BRDA:43,2,1,1
BRF:4
BRH:4
end_of_record
TN:
SF:/home/travis/build/martinmicunda/employee-scheduling-ui/src/app/core/models/location.js
FN:34,(anonymous_8)
FN:37,LocationModel
FN:45,getDefaultLocation
FN:46,(anonymous_11)
FNF:4
FNH:4
FNDA:1,(anonymous_8)
FNDA:121,LocationModel
FNDA:1,getDefaultLocation
FNDA:2,(anonymous_11)
DA:17,1
DA:18,1
DA:19,121
DA:23,1
LF:4
LH:4
BRDA:53,1,0,1
BRDA:53,1,1,1
BRDA:54,2,0,1
BRDA:54,2,1,1
BRF:4
BRH:4
end_of_record
TN:
SF:/home/travis/build/martinmicunda/employee-scheduling-ui/src/app/core/models/modal.js
FN:32,(anonymous_5)
FN:35,ModalModel
FNF:2
FNH:2
FNDA:1,(anonymous_5)
FNDA:154,ModalModel
DA:16,1
DA:17,1
DA:18,154
LF:3
LH:3
BRDA:42,1,0,1
BRDA:42,1,1,1
BRF:2
BRH:2
end_of_record
TN:
SF:/home/travis/build/martinmicunda/employee-scheduling-ui/src/app/core/models/partner.js
FN:32,(anonymous_5)
FN:35,PartnerModel
FNF:2
FNH:2
FNDA:1,(anonymous_5)
FNDA:55,PartnerModel
DA:17,1
DA:18,1
DA:19,55
LF:3
LH:3
BRDA:42,1,0,1
BRDA:42,1,1,1
BRDA:43,2,0,1
BRDA:43,2,1,1
BRF:4
BRH:4
end_of_record
TN:
SF:/home/travis/build/martinmicunda/employee-scheduling-ui/src/app/core/models/position.js
FN:32,(anonymous_5)
FN:35,PositionModel
FNF:2
FNH:2
FNDA:1,(anonymous_5)
FNDA:97,PositionModel
DA:17,1
DA:18,1
DA:19,97
LF:3
LH:3
BRDA:42,1,0,1
BRDA:42,1,1,1
BRDA:43,2,0,1
BRDA:43,2,1,1
BRF:4
BRH:4
end_of_record
TN:
SF:/home/travis/build/martinmicunda/employee-scheduling-ui/src/app/core/models/setting.js
FN:32,(anonymous_5)
FN:35,SettingModel
FNF:2
FNH:2
FNDA:1,(anonymous_5)
FNDA:125,SettingModel
DA:17,1
DA:18,1
DA:19,125
LF:3
LH:3
BRDA:42,1,0,1
BRDA:42,1,1,1
BRDA:43,2,0,1
BRDA:43,2,1,1
BRF:4
BRH:4
end_of_record
TN:
SF:/home/travis/build/martinmicunda/employee-scheduling-ui/src/app/core/models/token.js
FN:24,(anonymous_5)
FN:25,TokenModel
FN:38,set
FN:48,get
FN:56,getCurrentUser
FN:61,remove
FN:70,decode
FNF:7
FNH:7
FNDA:1,(anonymous_5)
FNDA:772,TokenModel
FNDA:4,set
FNDA:433,get
FNDA:750,getCurrentUser
FNDA:2,remove
FNDA:4,decode
DA:16,1
DA:17,1
DA:18,772
DA:19,772
DA:20,772
DA:21,772
DA:22,772
DA:23,772
DA:27,4
DA:28,4
DA:31,4
DA:32,2
DA:36,433
DA:37,432
DA:39,433
DA:43,750
DA:47,2
DA:48,2
DA:50,2
DA:51,2
DA:55,4
DA:57,4
DA:58,1
DA:62,3
DA:65,3
DA:66,3
DA:67,1
DA:70,2
LF:28
LH:28
BRDA:49,1,0,432
BRDA:49,1,1,1
BRDA:57,2,0,750
BRDA:57,2,1,749
BRDA:73,3,0,1
BRDA:73,3,1,3
BRDA:82,4,0,1
BRDA:82,4,1,2
BRDA:91,5,0,1
BRDA:91,5,1,1
BRDA:92,6,0,1
BRDA:92,6,1,1
BRF:12
BRH:12
end_of_record
TN:
SF:/home/travis/build/martinmicunda/employee-scheduling-ui/src/app/core/resources/abstract-resource.js
FN:16,(anonymous_5)
FN:17,AbstractResource
FN:26,get
FN:31,getList
FN:36,create
FN:41,update
FN:46,_delete
FNF:7
FNH:7
FNDA:1,(anonymous_5)
FNDA:833,AbstractResource
FNDA:1,get
FNDA:2,getList
FNDA:1,create
FNDA:3,update
FNDA:1,_delete
DA:9,1
DA:10,833
DA:11,833
DA:15,1
DA:19,2
DA:23,1
DA:27,3
DA:31,1
LF:8
LH:8
BRDA:32,1,0,1
BRDA:32,1,1,1
BRF:2
BRH:2
end_of_record
TN:
SF:/home/travis/build/martinmicunda/employee-scheduling-ui/src/app/core/resources/authentication/authentication.js
FN:26,(anonymous_5)
FN:27,AuthenticationResource
FN:37,login
FN:43,logout
FN:48,resetPassword
FN:54,updatePassword
FNF:6
FNH:6
FNDA:1,(anonymous_5)
FNDA:754,AuthenticationResource
FNDA:1,login
FNDA:1,logout
FNDA:2,resetPassword
FNDA:1,updatePassword
DA:17,1
DA:18,1
DA:19,754
DA:20,754
DA:21,754
DA:25,1
DA:26,1
DA:30,1
DA:34,2
DA:35,2
DA:39,1
DA:40,1
LF:12
LH:12
BRDA:61,1,0,1
BRDA:61,1,1,1
BRDA:62,2,0,1
BRDA:62,2,1,1
BRF:4
BRH:4
end_of_record
TN:
SF:/home/travis/build/martinmicunda/employee-scheduling-ui/src/app/core/resources/currency/currency.js
FN:34,(anonymous_5)
FN:37,CurrencyResource
FNF:2
FNH:2
FNDA:1,(anonymous_5)
FNDA:13,CurrencyResource
DA:18,1
DA:19,1
DA:20,13
LF:3
LH:3
BRDA:44,1,0,1
BRDA:44,1,1,1
BRDA:45,2,0,1
BRDA:45,2,1,1
BRF:4
BRH:4
end_of_record
TN:
SF:/home/travis/build/martinmicunda/employee-scheduling-ui/src/app/core/resources/document/document.js
FN:36,(anonymous_8)
FN:39,DocumentResource
FN:47,getDocumentFiles
FNF:3
FNH:3
FNDA:1,(anonymous_8)
FNDA:69,DocumentResource
FNDA:1,getDocumentFiles
DA:18,1
DA:19,1
DA:20,69
DA:24,1
LF:4
LH:4
BRDA:53,1,0,1
BRDA:53,1,1,1
BRDA:54,2,0,1
BRDA:54,2,1,1
BRF:4
BRH:4
end_of_record
TN:
SF:/home/travis/build/martinmicunda/employee-scheduling-ui/src/app/core/resources/employee/employee.js
FN:36,(anonymous_8)
FN:39,EmployeeResource
FN:47,getEmployeeByEmail
FNF:3
FNH:3
FNDA:1,(anonymous_8)
FNDA:318,EmployeeResource
FNDA:1,getEmployeeByEmail
DA:18,1
DA:19,1
DA:20,318
DA:24,1
LF:4
LH:4
BRDA:53,1,0,1
BRDA:53,1,1,1
BRDA:54,2,0,1
BRDA:54,2,1,1
BRF:4
BRH:4
end_of_record
TN:
SF:/home/travis/build/martinmicunda/employee-scheduling-ui/src/app/core/resources/language/language.js
FN:34,(anonymous_5)
FN:37,LanguageResource
FNF:2
FNH:2
FNDA:1,(anonymous_5)
FNDA:13,LanguageResource
DA:18,1
DA:19,1
DA:20,13
LF:3
LH:3
BRDA:44,1,0,1
BRDA:44,1,1,1
BRDA:45,2,0,1
BRDA:45,2,1,1
BRF:4
BRH:4
end_of_record
TN:
SF:/home/travis/build/martinmicunda/employee-scheduling-ui/src/app/core/resources/location/location.js
FN:34,(anonymous_5)
FN:37,LocationResource
FNF:2
FNH:2
FNDA:1,(anonymous_5)
FNDA:121,LocationResource
DA:18,1
DA:19,1
DA:20,121
LF:3
LH:3
BRDA:44,1,0,1
BRDA:44,1,1,1
BRDA:45,2,0,1
BRDA:45,2,1,1
BRF:4
BRH:4
end_of_record
TN:
SF:/home/travis/build/martinmicunda/employee-scheduling-ui/src/app/core/resources/partner/partner.js
FN:34,(anonymous_5)
FN:37,PartnerResource
FNF:2
FNH:2
FNDA:1,(anonymous_5)
FNDA:56,PartnerResource
DA:18,1
DA:19,1
DA:20,56
LF:3
LH:3
BRDA:44,1,0,1
BRDA:44,1,1,1
BRDA:45,2,0,1
BRDA:45,2,1,1
BRF:4
BRH:4
end_of_record
TN:
SF:/home/travis/build/martinmicunda/employee-scheduling-ui/src/app/core/resources/position/position.js
FN:34,(anonymous_5)
FN:37,PositionResource
FNF:2
FNH:2
FNDA:1,(anonymous_5)
FNDA:98,PositionResource
DA:18,1
DA:19,1
DA:20,98
LF:3
LH:3
BRDA:44,1,0,1
BRDA:44,1,1,1
BRDA:45,2,0,1
BRDA:45,2,1,1
BRF:4
BRH:4
end_of_record
TN:
SF:/home/travis/build/martinmicunda/employee-scheduling-ui/src/app/core/resources/setting/setting.js
FN:34,(anonymous_5)
FN:37,SettingResource
FNF:2
FNH:2
FNDA:1,(anonymous_5)
FNDA:126,SettingResource
DA:18,1
DA:19,1
DA:20,126
LF:3
LH:3
BRDA:44,1,0,1
BRDA:44,1,1,1
BRDA:45,2,0,1
BRDA:45,2,1,1
BRF:4
BRH:4
end_of_record
TN:
SF:/home/travis/build/martinmicunda/employee-scheduling-ui/src/app/core/services/document.js
FN:24,(anonymous_5)
FN:31,grantAccess
FN:33,(anonymous_8)
FN:34,(anonymous_9)
FN:39,(anonymous_10)
FN:40,(anonymous_11)
FNF:6
FNH:6
FNDA:1,(anonymous_5)
FNDA:2,grantAccess
FNDA:3,(anonymous_8)
FNDA:3,(anonymous_9)
FNDA:1,(anonymous_10)
FNDA:2,(anonymous_11)
DA:15,1
DA:17,2
DA:18,1
DA:21,1
DA:22,1
DA:23,1
DA:26,1
DA:27,1
LF:8
LH:8
BRDA:32,1,0,1
BRDA:32,1,1,1
BRDA:53,2,0,1
BRDA:53,2,1,1
BRF:4
BRH:4
end_of_record
TN:
SF:/home/travis/build/martinmicunda/employee-scheduling-ui/src/app/core/services/modal.js
FN:24,(anonymous_5)
FN:25,ModalService
FN:33,onSuccess
FN:34,(anonymous_8)
FN:38,onError
FN:41,(anonymous_10)
FN:45,(anonymous_11)
FN:48,(anonymous_12)
FN:54,(anonymous_13)
FN:62,onFinal
FN:65,(anonymous_15)
FNF:11
FNH:9
FNDA:1,(anonymous_5)
FNDA:42,ModalService
FNDA:1,onSuccess
FNDA:1,(anonymous_8)
FNDA:3,onError
FNDA:3,(anonymous_10)
FNDA:0,(anonymous_11)
FNDA:0,(anonymous_12)
FNDA:1,(anonymous_13)
FNDA:30,onFinal
FNDA:18,(anonymous_15)
DA:16,1
DA:17,1
DA:18,42
DA:22,1
DA:26,3
DA:27,3
DA:28,2
DA:31,0
DA:32,0
DA:33,0
DA:43,30
LF:11
LH:8
BRDA:42,1,0,2
BRDA:42,1,1,1
BRDA:72,2,0,1
BRDA:72,2,1,1
BRDA:73,3,0,1
BRDA:73,3,1,1
BRF:6
BRH:6
end_of_record
TN:
SF:/home/travis/build/martinmicunda/employee-scheduling-ui/src/app/directives/access-level/access-level.js
FN:26,(anonymous_5)
FN:27,MmAccessLevel
FN:40,link
FN:44,(anonymous_8)
FN:51,updateVisibility
FN:54,(anonymous_10)
FN:60,(anonymous_11)
FN:72,directiveFactory
FNF:8
FNH:7
FNDA:1,(anonymous_5)
FNDA:47,MmAccessLevel
FNDA:139,link
FNDA:139,(anonymous_8)
FNDA:139,updateVisibility
FNDA:0,(anonymous_10)
FNDA:414,(anonymous_11)
FNDA:47,directiveFactory
DA:10,1
DA:11,1
DA:17,1
DA:18,1
DA:19,47
DA:20,47
DA:21,47
DA:22,47
DA:23,47
DA:24,47
DA:28,139
DA:30,139
DA:31,139
DA:32,138
DA:34,139
DA:37,1
DA:38,139
DA:39,138
DA:40,138
DA:44,139
DA:45,139
DA:52,47
DA:53,47
LF:23
LH:23
BRDA:45,1,0,138
BRDA:45,1,1,1
BRDA:52,2,0,138
BRDA:52,2,1,1
BRDA:79,3,0,1
BRDA:79,3,1,1
BRF:6
BRH:6
end_of_record
TN:
SF:/home/travis/build/martinmicunda/employee-scheduling-ui/src/app/directives/equal-validator/equal-validator.js
FN:24,(anonymous_5)
FN:25,MmEqualValidator
FN:37,link
FN:38,(anonymous_8)
FN:41,(anonymous_9)
FN:47,directiveFactory
FNF:6
FNH:6
FNDA:1,(anonymous_5)
FNDA:28,MmEqualValidator
FNDA:22,link
FNDA:27,(anonymous_8)
FNDA:53,(anonymous_9)
FNDA:28,directiveFactory
DA:15,1
DA:16,1
DA:17,28
DA:18,28
DA:19,28
DA:25,22
DA:26,27
DA:28,22
DA:29,53
DA:34,28
DA:35,28
LF:11
LH:11
BRDA:54,1,0,1
BRDA:54,1,1,1
BRF:2
BRH:2
end_of_record
TN:
SF:/home/travis/build/martinmicunda/employee-scheduling-ui/src/app/directives/modal-really-click/modal-really-click.js
FN:26,(anonymous_8)
FN:27,MmModalReallyClickController
FN:35,ok
FN:40,cancel
FN:55,(anonymous_12)
FN:56,MmModalReallyClick
FN:68,link
FN:69,(anonymous_15)
FN:76,(anonymous_16)
FN:88,directiveFactory
FNF:10
FNH:9
FNDA:1,(anonymous_8)
FNDA:2,MmModalReallyClickController
FNDA:1,ok
FNDA:1,cancel
FNDA:1,(anonymous_12)
FNDA:20,MmModalReallyClick
FNDA:4,link
FNDA:2,(anonymous_15)
FNDA:0,(anonymous_16)
FNDA:20,directiveFactory
DA:13,1
DA:14,1
DA:15,2
DA:19,1
DA:23,1
DA:27,1
DA:33,1
DA:34,1
DA:35,20
DA:36,20
DA:39,20
DA:43,4
DA:44,2
DA:62,2
DA:70,20
DA:71,20
LF:16
LH:16
BRDA:46,1,0,1
BRDA:46,1,1,1
BRDA:95,2,0,1
BRDA:95,2,1,1
BRF:4
BRH:4
end_of_record
TN:
SF:/home/travis/build/martinmicunda/employee-scheduling-ui/src/app/directives/modal-warning-unsaved-form/modal-warning-unsaved-form.js
FN:32,(anonymous_9)
FN:33,UnsavedFormsService
FN:41,add
FN:46,remove
FN:53,areFormsClean
FN:107,(anonymous_14)
FN:108,MmModalWarningUnsavedForm
FN:123,link
FN:128,(anonymous_17)
FN:133,(anonymous_18)
FN:136,(anonymous_19)
FN:144,(anonymous_20)
FN:164,directiveFactory
FNF:13
FNH:10
FNDA:1,(anonymous_9)
FNDA:53,UnsavedFormsService
FNDA:47,add
FNDA:47,remove
FNDA:48,areFormsClean
FNDA:1,(anonymous_14)
FNDA:53,MmModalWarningUnsavedForm
FNDA:47,link
FNDA:49,(anonymous_17)
FNDA:0,(anonymous_18)
FNDA:0,(anonymous_19)
FNDA:0,(anonymous_20)
FNDA:53,directiveFactory
DA:16,1
DA:17,1
DA:18,53
DA:22,47
DA:26,47
DA:28,47
DA:32,48
DA:33,48
DA:35,48
DA:37,48
DA:38,2
DA:41,46
DA:45,48
DA:49,1
DA:50,1
DA:51,1
DA:58,1
DA:59,1
DA:60,53
DA:61,53
DA:62,53
DA:65,53
DA:66,53
DA:67,53
DA:71,47
DA:74,47
DA:75,49
DA:76,2
DA:79,0
DA:81,0
DA:82,0
DA:83,0
DA:84,0
DA:85,0
DA:86,0
DA:89,0
DA:96,2
DA:105,53
DA:106,53
LF:39
LH:31
BRDA:66,1,0,2
BRDA:66,1,1,46
BRDA:93,2,0,1
BRDA:93,2,1,1
BRDA:130,3,0,2
BRDA:130,3,1,47
BRDA:171,4,0,1
BRDA:171,4,1,1
BRF:8
BRH:8
end_of_record
TN:
SF:/home/travis/build/martinmicunda/employee-scheduling-ui/src/app/directives/scroll-up/scroll-up.js
FN:27,(anonymous_5)
FN:28,MmScrollUp
FN:38,link
FN:39,(anonymous_8)
FN:51,directiveFactory
FNF:5
FNH:4
FNDA:1,(anonymous_5)
FNDA:5,MmScrollUp
FNDA:4,link
FNDA:0,(anonymous_8)
FNDA:5,directiveFactory
DA:10,1
DA:11,1
DA:18,1
DA:19,1
DA:20,5
DA:21,5
DA:22,5
DA:26,4
DA:27,0
DA:28,0
DA:36,5
DA:37,5
LF:12
LH:10
BRDA:58,1,0,1
BRDA:58,1,1,1
BRF:2
BRH:2
end_of_record
TN:
SF:/home/travis/build/martinmicunda/employee-scheduling-ui/src/app/routes/layout-auth/layout-auth.js
FN:30,(anonymous_3)
FNF:1
FNH:1
FNDA:1,(anonymous_3)
DA:24,1
LF:1
LH:1
BRDA:36,1,0,1
BRDA:36,1,1,1
BRF:2
BRH:2
end_of_record
TN:
SF:/home/travis/build/martinmicunda/employee-scheduling-ui/src/app/routes/layout-auth/login/login.js
FN:30,(anonymous_6)
FN:31,Login
FN:49,login
FN:57,(anonymous_9)
FN:61,(anonymous_10)
FNF:5
FNH:5
FNDA:1,(anonymous_6)
FNDA:25,Login
FNDA:4,login
FNDA:2,(anonymous_9)
FNDA:1,(anonymous_10)
DA:24,1
DA:25,1
DA:26,25
DA:27,25
DA:28,25
DA:29,25
DA:30,25
DA:31,25
DA:32,25
DA:33,25
DA:34,25
DA:35,25
DA:36,25
DA:40,4
DA:42,3
DA:43,3
DA:44,2
DA:45,2
DA:46,2
DA:48,1
DA:49,1
LF:21
LH:21
BRDA:52,1,0,1
BRDA:52,1,1,3
BRDA:69,2,0,1
BRDA:69,2,1,1
BRDA:70,3,0,1
BRDA:70,3,1,1
BRDA:73,4,0,1
BRDA:73,4,1,1
BRDA:76,5,0,1
BRDA:76,5,1,1
BRF:10
BRH:10
end_of_record
TN:
SF:/home/travis/build/martinmicunda/employee-scheduling-ui/src/app/routes/layout-auth/forgot-password/forgot-password.js
FN:30,(anonymous_6)
FN:31,ForgotPassword
FN:47,resetPassword
FN:55,(anonymous_9)
FN:62,(anonymous_10)
FNF:5
FNH:5
FNDA:1,(anonymous_6)
FNDA:20,ForgotPassword
FNDA:3,resetPassword
FNDA:1,(anonymous_9)
FNDA:1,(anonymous_10)
DA:24,1
DA:25,1
DA:26,20
DA:27,20
DA:28,20
DA:29,20
DA:30,20
DA:31,20
DA:32,20
DA:33,20
DA:34,20
DA:38,3
DA:40,2
DA:41,2
DA:42,1
DA:43,1
DA:44,1
DA:45,1
DA:46,1
DA:47,1
DA:49,1
DA:50,1
DA:51,1
LF:23
LH:23
BRDA:50,1,0,1
BRDA:50,1,1,2
BRDA:71,2,0,1
BRDA:71,2,1,1
BRDA:72,3,0,1
BRDA:72,3,1,1
BRDA:75,4,0,1
BRDA:75,4,1,1
BRDA:78,5,0,1
BRDA:78,5,1,1
BRF:10
BRH:10
end_of_record
TN:
SF:/home/travis/build/martinmicunda/employee-scheduling-ui/src/app/routes/layout-error/layout-error.js
FN:34,(anonymous_3)
FNF:1
FNH:1
FNDA:1,(anonymous_3)
DA:37,1
LF:1
LH:1
BRDA:40,1,0,1
BRDA:40,1,1,1
BRDA:47,2,0,1
BRDA:47,2,1,1
BRDA:54,3,0,1
BRDA:54,3,1,1
BRF:6
BRH:6
end_of_record
TN:
SF:/home/travis/build/martinmicunda/employee-scheduling-ui/src/app/routes/layout-app/availability/availability.js
FN:26,(anonymous_3)
FNF:1
FNH:1
FNDA:1,(anonymous_3)
DA:27,1
LF:1
LH:1
BRDA:32,1,0,1
BRDA:32,1,1,1
BRDA:35,2,0,1
BRDA:35,2,1,1
BRDA:38,3,0,1
BRDA:38,3,1,1
BRF:6
BRH:6
end_of_record
TN:
SF:/home/travis/build/martinmicunda/employee-scheduling-ui/src/app/routes/layout-app/documents/documents.js
FN:36,(anonymous_6)
FN:37,Documents
FN:47,deleteDocument
FN:64,(anonymous_9)
FNF:4
FNH:4
FNDA:1,(anonymous_6)
FNDA:3,Documents
FNDA:1,deleteDocument
FNDA:1,(anonymous_9)
DA:33,1
DA:34,1
DA:35,3
DA:36,3
DA:37,3
DA:41,1
LF:6
LH:6
BRDA:53,1,0,1
BRDA:53,1,1,1
BRDA:54,2,0,1
BRDA:54,2,1,1
BRDA:57,3,0,1
BRDA:57,3,1,1
BRDA:60,4,0,1
BRDA:60,4,1,1
BRF:8
BRH:8
end_of_record
TN:
SF:/home/travis/build/martinmicunda/employee-scheduling-ui/src/app/routes/layout-app/documents/add/add.js
FN:22,(anonymous_2)
FN:23,DocumentAdd
FN:33,(anonymous_4)
FN:40,(anonymous_5)
FNF:4
FNH:4
FNDA:1,(anonymous_2)
FNDA:1,DocumentAdd
FNDA:2,(anonymous_4)
FNDA:1,(anonymous_5)
DA:14,2
DA:27,1
DA:28,1
DA:29,1
LF:4
LH:4
BRDA:30,1,0,1
BRDA:30,1,1,1
BRDA:31,2,0,1
BRDA:31,2,1,1
BRF:4
BRH:4
end_of_record
TN:
SF:/home/travis/build/martinmicunda/employee-scheduling-ui/src/app/routes/layout-app/documents/edit/edit.js
FN:22,(anonymous_2)
FN:23,DocumentEdit
FN:33,(anonymous_4)
FN:41,(anonymous_5)
FNF:4
FNH:4
FNDA:1,(anonymous_2)
FNDA:1,DocumentEdit
FNDA:3,(anonymous_4)
FNDA:1,(anonymous_5)
DA:14,3
DA:15,3
DA:28,1
DA:29,1
DA:30,1
LF:5
LH:5
BRDA:30,1,0,1
BRDA:30,1,1,1
BRDA:31,2,0,1
BRDA:31,2,1,1
BRF:4
BRH:4
end_of_record
TN:
SF:/home/travis/build/martinmicunda/employee-scheduling-ui/src/app/routes/layout-app/documents-files/documents-files.js
FN:32,(anonymous_6)
FN:33,Files
FN:44,deleteFile
FN:61,(anonymous_9)
FNF:4
FNH:4
FNDA:1,(anonymous_6)
FNDA:4,Files
FNDA:1,deleteFile
FNDA:1,(anonymous_9)
DA:31,1
DA:32,1
DA:33,4
DA:34,4
DA:35,4
DA:36,4
DA:40,1
LF:7
LH:7
BRDA:50,1,0,1
BRDA:50,1,1,1
BRDA:51,2,0,1
BRDA:51,2,1,1
BRDA:54,3,0,1
BRDA:54,3,1,1
BRDA:57,4,0,1
BRDA:57,4,1,1
BRF:8
BRH:8
end_of_record
TN:
SF:/home/travis/build/martinmicunda/employee-scheduling-ui/src/app/routes/layout-app/employees/employees.js
FN:40,(anonymous_6)
FN:41,Employees
FN:53,toggleListView
FN:58,deleteEmployee
FN:75,(anonymous_10)
FNF:5
FNH:5
FNDA:1,(anonymous_6)
FNDA:6,Employees
FNDA:1,toggleListView
FNDA:1,deleteEmployee
FNDA:1,(anonymous_10)
DA:35,1
DA:36,1
DA:37,6
DA:38,6
DA:39,6
DA:40,6
DA:41,6
DA:45,1
DA:49,1
LF:9
LH:9
BRDA:64,1,0,1
BRDA:64,1,1,1
BRDA:65,2,0,1
BRDA:65,2,1,1
BRDA:68,3,0,1
BRDA:68,3,1,1
BRDA:71,4,0,1
BRDA:71,4,1,1
BRF:8
BRH:8
end_of_record
TN:
SF:/home/travis/build/martinmicunda/employee-scheduling-ui/src/app/routes/layout-app/employees/add/add.js
FN:44,(anonymous_6)
FN:45,EmployeeAdd
FN:73,cancel
FN:78,goToNextSection
FN:93,goToPreviousSection
FN:99,save
FN:113,(anonymous_12)
FN:117,(anonymous_13)
FNF:8
FNH:8
FNDA:1,(anonymous_6)
FNDA:17,EmployeeAdd
FNDA:1,cancel
FNDA:3,goToNextSection
FNDA:1,goToPreviousSection
FNDA:2,save
FNDA:2,(anonymous_12)
FNDA:1,(anonymous_13)
DA:22,2
DA:36,1
DA:37,1
DA:38,17
DA:39,17
DA:40,17
DA:41,17
DA:42,17
DA:43,17
DA:44,17
DA:45,17
DA:46,17
DA:47,17
DA:48,17
DA:49,17
DA:50,17
DA:52,17
DA:61,17
DA:63,15
DA:65,17
DA:69,1
DA:73,3
DA:74,3
DA:75,3
DA:76,2
DA:77,2
DA:78,1
DA:80,1
DA:81,1
DA:87,1
DA:88,1
DA:92,2
DA:94,1
DA:95,1
LF:34
LH:34
BRDA:64,1,0,15
BRDA:64,1,1,2
BRDA:81,2,0,2
BRDA:81,2,1,1
BRDA:83,3,0,1
BRDA:83,3,1,1
BRDA:100,4,0,1
BRDA:100,4,1,1
BRDA:110,5,0,1
BRDA:110,5,1,1
BRDA:111,6,0,1
BRDA:111,6,1,1
BRF:12
BRH:12
end_of_record
TN:
SF:/home/travis/build/martinmicunda/employee-scheduling-ui/src/app/routes/layout-app/employees/add/complete/complete.js
FN:24,(anonymous_3)
FNF:1
FNH:1
FNDA:1,(anonymous_3)
DA:21,1
LF:1
LH:1
BRDA:30,1,0,1
BRDA:30,1,1,1
BRF:2
BRH:2
end_of_record
TN:
SF:/home/travis/build/martinmicunda/employee-scheduling-ui/src/app/routes/layout-app/employees/add/hourly-rate/hourly-rate.js
FN:18,(anonymous_2)
FNF:1
FNH:1
FNDA:1,(anonymous_2)
DA:20,1
LF:1
LH:1
BRDA:24,1,0,1
BRDA:24,1,1,1
BRF:2
BRH:2
end_of_record
TN:
SF:/home/travis/build/martinmicunda/employee-scheduling-ui/src/app/routes/layout-app/employees/add/bank-details/bank-details.js
FN:18,(anonymous_2)
FNF:1
FNH:1
FNDA:1,(anonymous_2)
DA:20,1
LF:1
LH:1
BRDA:24,1,0,1
BRDA:24,1,1,1
BRF:2
BRH:2
end_of_record
TN:
SF:/home/travis/build/martinmicunda/employee-scheduling-ui/src/app/routes/layout-app/employees/add/authorizations/authorizations.js
FN:20,(anonymous_2)
FNF:1
FNH:1
FNDA:1,(anonymous_2)
DA:24,1
LF:1
LH:1
BRDA:26,1,0,1
BRDA:26,1,1,1
BRF:2
BRH:2
end_of_record
TN:
SF:/home/travis/build/martinmicunda/employee-scheduling-ui/src/app/routes/layout-app/employees/add/account-details/account-details.js
FN:18,(anonymous_2)
FNF:1
FNH:1
FNDA:1,(anonymous_2)
DA:20,1
LF:1
LH:1
BRDA:24,1,0,1
BRDA:24,1,1,1
BRF:2
BRH:2
end_of_record
TN:
SF:/home/travis/build/martinmicunda/employee-scheduling-ui/src/app/routes/layout-app/employees/add/contact-details/contact-details.js
FN:18,(anonymous_2)
FNF:1
FNH:1
FNDA:1,(anonymous_2)
DA:20,1
LF:1
LH:1
BRDA:24,1,0,1
BRDA:24,1,1,1
BRF:2
BRH:2
end_of_record
TN:
SF:/home/travis/build/martinmicunda/employee-scheduling-ui/src/app/routes/layout-app/employees/edit/edit.js
FN:44,(anonymous_6)
FN:45,EmployeeEdit
FN:66,cancel
FN:71,goToNextSection
FN:80,save
FN:92,(anonymous_11)
FN:96,(anonymous_12)
FN:97,cancel
FN:108,(anonymous_14)
FN:113,(anonymous_15)
FNF:10
FNH:10
FNDA:1,(anonymous_6)
FNDA:14,EmployeeEdit
FNDA:1,cancel
FNDA:2,goToNextSection
FNDA:3,save
FNDA:2,(anonymous_11)
FNDA:2,(anonymous_12)
FNDA:1,cancel
FNDA:3,(anonymous_14)
FNDA:1,(anonymous_15)
DA:22,3
DA:23,3
DA:37,1
DA:38,1
DA:39,14
DA:40,14
DA:41,14
DA:42,14
DA:43,14
DA:44,14
DA:45,14
DA:46,14
DA:47,14
DA:48,14
DA:49,14
DA:51,14
DA:59,14
DA:63,1
DA:67,2
DA:68,2
DA:69,2
DA:70,1
DA:75,3
DA:78,2
DA:79,2
DA:81,2
DA:82,2
DA:83,2
DA:84,2
DA:85,2
DA:87,2
LF:31
LH:31
BRDA:74,1,0,1
BRDA:74,1,1,1
BRDA:83,2,0,1
BRDA:83,2,1,2
BRDA:105,3,0,1
BRDA:105,3,1,1
BRDA:106,4,0,1
BRDA:106,4,1,1
BRF:8
BRH:8
end_of_record
TN:
SF:/home/travis/build/martinmicunda/employee-scheduling-ui/src/app/routes/layout-app/employees/edit/account-details/account-details.js
FN:18,(anonymous_2)
FNF:1
FNH:1
FNDA:1,(anonymous_2)
DA:20,1
LF:1
LH:1
BRDA:24,1,0,1
BRDA:24,1,1,1
BRF:2
BRH:2
end_of_record
TN:
SF:/home/travis/build/martinmicunda/employee-scheduling-ui/src/app/routes/layout-app/employees/edit/authorizations/authorizations.js
FN:20,(anonymous_2)
FNF:1
FNH:1
FNDA:1,(anonymous_2)
DA:24,1
LF:1
LH:1
BRDA:26,1,0,1
BRDA:26,1,1,1
BRF:2
BRH:2
end_of_record
TN:
SF:/home/travis/build/martinmicunda/employee-scheduling-ui/src/app/routes/layout-app/employees/edit/bank-details/bank-details.js
FN:18,(anonymous_2)
FNF:1
FNH:1
FNDA:1,(anonymous_2)
DA:20,1
LF:1
LH:1
BRDA:24,1,0,1
BRDA:24,1,1,1
BRF:2
BRH:2
end_of_record
TN:
SF:/home/travis/build/martinmicunda/employee-scheduling-ui/src/app/routes/layout-app/employees/edit/contact-details/contact-details.js
FN:18,(anonymous_2)
FNF:1
FNH:1
FNDA:1,(anonymous_2)
DA:20,1
LF:1
LH:1
BRDA:24,1,0,1
BRDA:24,1,1,1
BRF:2
BRH:2
end_of_record
TN:
SF:/home/travis/build/martinmicunda/employee-scheduling-ui/src/app/routes/layout-app/employees/edit/hourly-rate/hourly-rate.js
FN:18,(anonymous_2)
FNF:1
FNH:1
FNDA:1,(anonymous_2)
DA:20,1
LF:1
LH:1
BRDA:24,1,0,1
BRDA:24,1,1,1
BRF:2
BRH:2
end_of_record
TN:
SF:/home/travis/build/martinmicunda/employee-scheduling-ui/src/app/routes/layout-app/employees/edit/password/password.js
FN:32,(anonymous_6)
FN:33,EmployeeEditPassword
FN:44,resetPassword
FN:48,(anonymous_9)
FN:53,(anonymous_10)
FNF:5
FNH:5
FNDA:1,(anonymous_6)
FNDA:14,EmployeeEditPassword
FNDA:3,resetPassword
FNDA:1,(anonymous_9)
FNDA:1,(anonymous_10)
DA:32,1
DA:33,1
DA:34,14
DA:35,14
DA:36,14
DA:37,14
DA:41,3
DA:42,3
DA:43,1
DA:44,1
DA:45,1
DA:46,1
DA:48,1
DA:49,1
DA:50,1
LF:15
LH:15
BRDA:62,1,0,1
BRDA:62,1,1,1
BRDA:63,2,0,1
BRDA:63,2,1,1
BRDA:66,3,0,1
BRDA:66,3,1,1
BRDA:69,4,0,1
BRDA:69,4,1,1
BRF:8
BRH:8
end_of_record
TN:
SF:/home/travis/build/martinmicunda/employee-scheduling-ui/src/app/routes/layout-app/employees/message/message.js
FN:30,(anonymous_6)
FN:31,EmployeeMessage
FN:43,cancel
FN:48,save
FN:73,(anonymous_10)
FN:78,(anonymous_11)
FNF:6
FNH:6
FNDA:1,(anonymous_6)
FNDA:7,EmployeeMessage
FNDA:1,cancel
FNDA:2,save
FNDA:2,(anonymous_10)
FNDA:1,(anonymous_11)
DA:15,2
DA:16,2
DA:29,1
DA:30,1
DA:31,7
DA:32,7
DA:33,7
DA:34,7
DA:35,7
DA:39,1
DA:43,2
DA:44,1
LF:12
LH:12
BRDA:49,1,0,1
BRDA:49,1,1,1
BRDA:70,2,0,1
BRDA:70,2,1,1
BRDA:71,3,0,1
BRDA:71,3,1,1
BRF:6
BRH:6
end_of_record
TN:
SF:/home/travis/build/martinmicunda/employee-scheduling-ui/src/app/routes/layout-app/employees/schedule/schedule.js
FN:30,(anonymous_6)
FN:31,EmployeeSchedule
FN:39,cancel
FN:48,(anonymous_9)
FNF:4
FNH:4
FNDA:1,(anonymous_6)
FNDA:1,EmployeeSchedule
FNDA:1,cancel
FNDA:2,(anonymous_9)
DA:16,2
DA:31,1
DA:32,1
DA:33,1
DA:37,1
LF:5
LH:5
BRDA:45,1,0,1
BRDA:45,1,1,1
BRDA:46,2,0,1
BRDA:46,2,1,1
BRF:4
BRH:4
end_of_record
TN:
SF:/home/travis/build/martinmicunda/employee-scheduling-ui/src/app/routes/layout-app/partners/partners.js
FN:36,(anonymous_6)
FN:37,Partners
FN:47,deletePartner
FN:64,(anonymous_9)
FNF:4
FNH:4
FNDA:1,(anonymous_6)
FNDA:3,Partners
FNDA:1,deletePartner
FNDA:1,(anonymous_9)
DA:33,1
DA:34,1
DA:35,3
DA:36,3
DA:37,3
DA:41,1
LF:6
LH:6
BRDA:53,1,0,1
BRDA:53,1,1,1
BRDA:54,2,0,1
BRDA:54,2,1,1
BRDA:57,3,0,1
BRDA:57,3,1,1
BRDA:60,4,0,1
BRDA:60,4,1,1
BRF:8
BRH:8
end_of_record
TN:
SF:/home/travis/build/martinmicunda/employee-scheduling-ui/src/app/routes/layout-app/partners/add/add.js
FN:22,(anonymous_2)
FN:23,PartnerAdd
FN:33,(anonymous_4)
FN:40,(anonymous_5)
FNF:4
FNH:4
FNDA:1,(anonymous_2)
FNDA:1,PartnerAdd
FNDA:2,(anonymous_4)
FNDA:1,(anonymous_5)
DA:14,2
DA:27,1
DA:28,1
DA:29,1
LF:4
LH:4
BRDA:30,1,0,1
BRDA:30,1,1,1
BRDA:31,2,0,1
BRDA:31,2,1,1
BRF:4
BRH:4
end_of_record
TN:
SF:/home/travis/build/martinmicunda/employee-scheduling-ui/src/app/routes/layout-app/partners/edit/edit.js
FN:22,(anonymous_2)
FN:23,PartnerEdit
FN:33,(anonymous_4)
FN:41,(anonymous_5)
FNF:4
FNH:4
FNDA:1,(anonymous_2)
FNDA:1,PartnerEdit
FNDA:3,(anonymous_4)
FNDA:1,(anonymous_5)
DA:14,3
DA:15,3
DA:28,1
DA:29,1
DA:30,1
LF:5
LH:5
BRDA:30,1,0,1
BRDA:30,1,1,1
BRDA:31,2,0,1
BRDA:31,2,1,1
BRF:4
BRH:4
end_of_record
TN:
SF:/home/travis/build/martinmicunda/employee-scheduling-ui/src/app/routes/layout-app/reports/reports.js
FN:26,(anonymous_3)
FNF:1
FNH:1
FNDA:1,(anonymous_3)
DA:27,1
LF:1
LH:1
BRDA:32,1,0,1
BRDA:32,1,1,1
BRDA:35,2,0,1
BRDA:35,2,1,1
BRDA:38,3,0,1
BRDA:38,3,1,1
BRF:6
BRH:6
end_of_record
TN:
SF:/home/travis/build/martinmicunda/employee-scheduling-ui/src/app/routes/layout-app/schedule/schedule.js
FN:26,(anonymous_3)
FNF:1
FNH:1
FNDA:1,(anonymous_3)
DA:27,1
LF:1
LH:1
BRDA:32,1,0,1
BRDA:32,1,1,1
BRDA:35,2,0,1
BRDA:35,2,1,1
BRDA:38,3,0,1
BRDA:38,3,1,1
BRF:6
BRH:6
end_of_record
TN:
SF:/home/travis/build/martinmicunda/employee-scheduling-ui/src/app/routes/layout-app/settings/settings.js
FN:34,(anonymous_3)
FNF:1
FNH:1
FNDA:1,(anonymous_3)
DA:32,1
LF:1
LH:1
BRDA:40,1,0,1
BRDA:40,1,1,1
BRDA:43,2,0,1
BRDA:43,2,1,1
BRDA:46,3,0,1
BRDA:46,3,1,1
BRF:6
BRH:6
end_of_record
TN:
SF:/home/travis/build/martinmicunda/employee-scheduling-ui/src/app/routes/layout-app/settings/language/language.js
FN:30,(anonymous_6)
FN:31,Language
FN:45,save
FN:66,(anonymous_9)
FNF:4
FNH:4
FNDA:1,(anonymous_6)
FNDA:8,Language
FNDA:2,save
FNDA:1,(anonymous_9)
DA:27,1
DA:28,1
DA:29,8
DA:30,8
DA:31,8
DA:32,8
DA:33,8
DA:34,8
DA:35,8
DA:39,2
DA:40,1
DA:41,1
LF:12
LH:12
BRDA:46,1,0,1
BRDA:46,1,1,1
BRDA:55,2,0,1
BRDA:55,2,1,1
BRDA:56,3,0,1
BRDA:56,3,1,1
BRDA:59,4,0,1
BRDA:59,4,1,1
BRDA:62,5,0,1
BRDA:62,5,1,1
BRF:10
BRH:10
end_of_record
TN:
SF:/home/travis/build/martinmicunda/employee-scheduling-ui/src/app/routes/layout-app/settings/locations/locations.js
FN:34,(anonymous_6)
FN:35,Locations
FN:45,deleteLocation
FN:67,(anonymous_9)
FNF:4
FNH:4
FNDA:1,(anonymous_6)
FNDA:4,Locations
FNDA:2,deleteLocation
FNDA:1,(anonymous_9)
DA:29,1
DA:30,1
DA:31,4
DA:32,4
DA:33,4
DA:37,2
DA:38,1
DA:39,1
DA:41,1
LF:9
LH:9
BRDA:46,1,0,1
BRDA:46,1,1,1
BRDA:56,2,0,1
BRDA:56,2,1,1
BRDA:57,3,0,1
BRDA:57,3,1,1
BRDA:60,4,0,1
BRDA:60,4,1,1
BRDA:63,5,0,1
BRDA:63,5,1,1
BRF:10
BRH:10
end_of_record
TN:
SF:/home/travis/build/martinmicunda/employee-scheduling-ui/src/app/routes/layout-app/settings/locations/add/add.js
FN:22,(anonymous_2)
FN:23,LocationAdd
FN:33,(anonymous_4)
FN:40,(anonymous_5)
FNF:4
FNH:4
FNDA:1,(anonymous_2)
FNDA:1,LocationAdd
FNDA:2,(anonymous_4)
FNDA:1,(anonymous_5)
DA:14,2
DA:27,1
DA:28,1
DA:29,1
LF:4
LH:4
BRDA:30,1,0,1
BRDA:30,1,1,1
BRDA:31,2,0,1
BRDA:31,2,1,1
BRF:4
BRH:4
end_of_record
TN:
SF:/home/travis/build/martinmicunda/employee-scheduling-ui/src/app/routes/layout-app/settings/locations/edit/edit.js
FN:22,(anonymous_2)
FN:23,LocationEdit
FN:33,(anonymous_4)
FN:41,(anonymous_5)
FNF:4
FNH:4
FNDA:1,(anonymous_2)
FNDA:1,LocationEdit
FNDA:3,(anonymous_4)
FNDA:1,(anonymous_5)
DA:14,3
DA:15,3
DA:28,1
DA:29,1
DA:30,1
LF:5
LH:5
BRDA:30,1,0,1
BRDA:30,1,1,1
BRDA:31,2,0,1
BRDA:31,2,1,1
BRF:4
BRH:4
end_of_record
TN:
SF:/home/travis/build/martinmicunda/employee-scheduling-ui/src/app/routes/layout-app/settings/positions/positions.js
FN:34,(anonymous_6)
FN:35,Positions
FN:45,deletePosition
FN:62,(anonymous_9)
FNF:4
FNH:4
FNDA:1,(anonymous_6)
FNDA:3,Positions
FNDA:1,deletePosition
FNDA:1,(anonymous_9)
DA:29,1
DA:30,1
DA:31,3
DA:32,3
DA:33,3
DA:37,1
LF:6
LH:6
BRDA:51,1,0,1
BRDA:51,1,1,1
BRDA:52,2,0,1
BRDA:52,2,1,1
BRDA:55,3,0,1
BRDA:55,3,1,1
BRDA:58,4,0,1
BRDA:58,4,1,1
BRF:8
BRH:8
end_of_record
TN:
SF:/home/travis/build/martinmicunda/employee-scheduling-ui/src/app/routes/layout-app/settings/positions/add/add.js
FN:22,(anonymous_2)
FN:23,PositionAdd
FN:33,(anonymous_4)
FN:40,(anonymous_5)
FNF:4
FNH:4
FNDA:1,(anonymous_2)
FNDA:1,PositionAdd
FNDA:2,(anonymous_4)
FNDA:1,(anonymous_5)
DA:14,2
DA:27,1
DA:28,1
DA:29,1
LF:4
LH:4
BRDA:30,1,0,1
BRDA:30,1,1,1
BRDA:31,2,0,1
BRDA:31,2,1,1
BRF:4
BRH:4
end_of_record
TN:
SF:/home/travis/build/martinmicunda/employee-scheduling-ui/src/app/routes/layout-app/settings/positions/edit/edit.js
FN:22,(anonymous_2)
FN:23,PositionEdit
FN:33,(anonymous_4)
FN:41,(anonymous_5)
FNF:4
FNH:4
FNDA:1,(anonymous_2)
FNDA:1,PositionEdit
FNDA:3,(anonymous_4)
FNDA:1,(anonymous_5)
DA:14,3
DA:15,3
DA:28,1
DA:29,1
DA:30,1
LF:5
LH:5
BRDA:30,1,0,1
BRDA:30,1,1,1
BRDA:31,2,0,1
BRDA:31,2,1,1
BRF:4
BRH:4
end_of_record
TN:
SF:/home/travis/build/martinmicunda/employee-scheduling-ui/src/app/routes/layout-app/settings/currency/currency.js
FN:30,(anonymous_6)
FN:31,Currency
FN:45,save
FN:53,(anonymous_9)
FN:72,(anonymous_10)
FNF:5
FNH:5
FNDA:1,(anonymous_6)
FNDA:8,Currency
FNDA:2,save
FNDA:1,(anonymous_9)
FNDA:1,(anonymous_10)
DA:27,1
DA:28,1
DA:29,8
DA:30,8
DA:31,8
DA:32,8
DA:33,8
DA:34,8
DA:35,8
DA:39,2
DA:41,1
DA:42,1
DA:43,1
LF:13
LH:13
BRDA:48,1,0,1
BRDA:48,1,1,1
BRDA:61,2,0,1
BRDA:61,2,1,1
BRDA:62,3,0,1
BRDA:62,3,1,1
BRDA:65,4,0,1
BRDA:65,4,1,1
BRDA:68,5,0,1
BRDA:68,5,1,1
BRF:10
BRH:10
end_of_record
TN:
SF:/home/travis/build/martinmicunda/employee-scheduling-ui/src/app/routes/layout-app/account/account.js
FN:36,(anonymous_3)
FN:37,Account
FN:56,(anonymous_5)
FNF:3
FNH:3
FNDA:1,(anonymous_3)
FNDA:2,Account
FNDA:1,(anonymous_5)
DA:35,1
DA:36,1
DA:37,2
LF:3
LH:3
BRDA:44,1,0,1
BRDA:44,1,1,1
BRDA:45,2,0,1
BRDA:45,2,1,1
BRDA:48,3,0,1
BRDA:48,3,1,1
BRDA:51,4,0,1
BRDA:51,4,1,1
BRF:8
BRH:8
end_of_record
TN:
SF:/home/travis/build/martinmicunda/employee-scheduling-ui/src/app/routes/layout-app/account/account-details/account-details.js
FN:30,(anonymous_6)
FN:31,AccountDetails
FN:48,removeAvatar
FN:53,addAvatar
FN:57,(anonymous_10)
FN:63,save
FN:71,(anonymous_12)
FNF:7
FNH:7
FNDA:1,(anonymous_6)
FNDA:35,AccountDetails
FNDA:1,removeAvatar
FNDA:1,addAvatar
FNDA:1,(anonymous_10)
FNDA:2,save
FNDA:1,(anonymous_12)
DA:24,1
DA:25,1
DA:26,35
DA:27,35
DA:28,35
DA:29,35
DA:30,35
DA:31,35
DA:32,35
DA:33,35
DA:34,35
DA:35,35
DA:39,1
DA:43,1
DA:44,1
DA:48,2
DA:50,1
DA:51,1
DA:52,1
DA:53,1
DA:54,1
DA:55,1
DA:56,1
DA:57,1
LF:24
LH:24
BRDA:66,1,0,1
BRDA:66,1,1,1
BRDA:83,2,0,1
BRDA:83,2,1,1
BRDA:84,3,0,1
BRDA:84,3,1,1
BRDA:87,4,0,1
BRDA:87,4,1,1
BRDA:90,5,0,1
BRDA:90,5,1,1
BRF:10
BRH:10
end_of_record
TN:
SF:/home/travis/build/martinmicunda/employee-scheduling-ui/src/app/routes/layout-app/account/contact-details/contact-details.js
FN:30,(anonymous_6)
FN:31,ContactDetails
FN:45,save
FN:53,(anonymous_9)
FNF:4
FNH:4
FNDA:1,(anonymous_6)
FNDA:21,ContactDetails
FNDA:2,save
FNDA:1,(anonymous_9)
DA:24,1
DA:25,1
DA:26,21
DA:27,21
DA:28,21
DA:29,21
DA:30,21
DA:31,21
DA:32,21
DA:36,2
DA:38,1
DA:39,1
DA:40,1
LF:13
LH:13
BRDA:48,1,0,1
BRDA:48,1,1,1
BRDA:60,2,0,1
BRDA:60,2,1,1
BRDA:61,3,0,1
BRDA:61,3,1,1
BRDA:64,4,0,1
BRDA:64,4,1,1
BRDA:67,5,0,1
BRDA:67,5,1,1
BRF:10
BRH:10
end_of_record
TN:
SF:/home/travis/build/martinmicunda/employee-scheduling-ui/src/app/routes/layout-app/account/password/password.js
FN:30,(anonymous_6)
FN:31,Password
FN:46,save
FN:55,(anonymous_9)
FN:62,(anonymous_10)
FNF:5
FNH:5
FNDA:1,(anonymous_6)
FNDA:26,Password
FNDA:5,save
FNDA:2,(anonymous_9)
FNDA:2,(anonymous_10)
DA:24,1
DA:25,1
DA:26,26
DA:27,26
DA:28,26
DA:29,26
DA:30,26
DA:31,26
DA:32,26
DA:33,26
DA:37,5
DA:39,4
DA:40,4
DA:41,4
DA:42,2
DA:43,2
DA:44,2
DA:45,2
DA:46,2
DA:47,2
DA:49,2
DA:50,2
DA:51,2
DA:52,2
DA:54,2
DA:55,1
DA:57,1
LF:27
LH:27
BRDA:49,1,0,1
BRDA:49,1,1,4
BRDA:68,2,0,1
BRDA:68,2,1,1
BRDA:78,3,0,1
BRDA:78,3,1,1
BRDA:79,4,0,1
BRDA:79,4,1,1
BRDA:82,5,0,1
BRDA:82,5,1,1
BRDA:85,6,0,1
BRDA:85,6,1,1
BRF:12
BRH:12
end_of_record
TN:
SF:/home/travis/build/martinmicunda/employee-scheduling-ui/src/app/routes/layout-app/layout-app.js
FN:42,(anonymous_3)
FNF:1
FNH:1
FNDA:1,(anonymous_3)
DA:27,1
LF:1
LH:1
BRDA:48,1,0,1
BRDA:48,1,1,1
BRF:2
BRH:2
end_of_record
TN:
SF:/home/travis/build/martinmicunda/employee-scheduling-ui/src/app/components/employee-hourly-rate/employee-hourly-rate.js
FN:28,(anonymous_3)
FN:29,EmployeeHourlyRate
FNF:2
FNH:2
FNDA:1,(anonymous_3)
FNDA:10,EmployeeHourlyRate
DA:20,1
DA:21,1
DA:22,10
DA:23,10
DA:24,10
LF:5
LH:5
BRDA:33,1,0,10
BRDA:33,1,1,2
BRDA:34,2,0,10
BRDA:34,2,1,2
BRDA:38,3,0,1
BRDA:38,3,1,1
BRDA:39,4,0,1
BRDA:39,4,1,1
BRDA:42,5,0,1
BRDA:42,5,1,1
BRF:10
BRH:10
end_of_record
TN:
SF:/home/travis/build/martinmicunda/employee-scheduling-ui/src/app/components/modal-position/modal-position.js
FN:30,(anonymous_6)
FN:31,PositionModal
FN:45,cancel
FN:50,save
FNF:4
FNH:4
FNDA:1,(anonymous_6)
FNDA:21,PositionModal
FNDA:1,cancel
FNDA:2,save
DA:20,1
DA:21,1
DA:22,21
DA:23,21
DA:24,21
DA:25,21
DA:26,21
DA:27,21
DA:28,21
DA:32,1
DA:36,2
DA:37,1
DA:38,1
LF:13
LH:13
BRDA:51,1,0,1
BRDA:51,1,1,1
BRDA:60,2,0,1
BRDA:60,2,1,1
BRDA:61,3,0,1
BRDA:61,3,1,1
BRDA:64,4,0,1
BRDA:64,4,1,1
BRF:8
BRH:8
end_of_record
TN:
SF:/home/travis/build/martinmicunda/employee-scheduling-ui/src/app/app.js
FN:54,(anonymous_2)
FNF:1
FNH:1
FNDA:1,(anonymous_2)
DA:32,1
DA:33,1
LF:2
LH:2
BRF:0
BRH:0
end_of_record
TN:
SF:/home/travis/build/martinmicunda/employee-scheduling-ui/src/app/core/config/config.js
FN:24,(anonymous_5)
FN:34,configFactory
FN:36,(anonymous_8)
FN:37,(anonymous_9)
FN:71,(anonymous_10)
FN:81,runFactory
FN:85,(anonymous_13)
FN:102,(anonymous_14)
FNF:8
FNH:7
FNDA:1,(anonymous_5)
FNDA:755,configFactory
FNDA:2,(anonymous_8)
FNDA:0,(anonymous_9)
FNDA:1,(anonymous_10)
FNDA:748,runFactory
FNDA:462,(anonymous_13)
FNDA:2,(anonymous_14)
DA:19,755
DA:20,2
DA:21,0
DA:29,755
DA:32,755
DA:35,755
DA:38,755
DA:44,755
DA:47,755
DA:57,748
DA:58,748
DA:60,748
DA:61,462
DA:62,2
DA:63,2
DA:64,460
DA:65,29
DA:66,29
DA:67,2
DA:69,27
DA:71,431
DA:72,35
DA:73,35
DA:77,748
DA:78,2
DA:79,2
DA:80,2
LF:27
LH:26
BRDA:86,1,0,2
BRDA:86,1,1,460
BRDA:86,2,0,462
BRDA:86,2,1,460
BRDA:89,3,0,29
BRDA:89,3,1,431
BRDA:89,4,0,460
BRDA:89,4,1,33
BRDA:91,5,0,2
BRDA:91,5,1,27
BRDA:96,6,0,35
BRDA:96,6,1,396
BRDA:96,7,0,431
BRDA:96,7,1,70
BRF:14
BRH:14
end_of_record
TN:
SF:/home/travis/build/martinmicunda/employee-scheduling-ui/src/app/core/interceptors/http-api-url.js
FN:27,(anonymous_5)
FN:28,HttpApiUrlInterceptor
FN:37,response
FN:47,shouldPrependApiUrl
FN:55,request
FNF:5
FNH:5
FNDA:1,(anonymous_5)
FNDA:748,HttpApiUrlInterceptor
FNDA:20,response
FNDA:24,shouldPrependApiUrl
FNDA:24,request
DA:11,1
DA:17,1
DA:18,1
DA:19,748
DA:20,748
DA:25,20
DA:26,1
DA:29,19
DA:33,24
DA:34,23
DA:39,24
DA:40,4
DA:44,4
DA:45,4
DA:46,2
DA:50,24
LF:16
LH:16
BRDA:39,1,0,1
BRDA:39,1,1,19
BRDA:39,2,0,20
BRDA:39,2,1,1
BRDA:48,3,0,1
BRDA:48,3,1,23
BRDA:51,4,0,23
BRDA:51,4,1,4
BRDA:51,4,2,4
BRDA:57,5,0,4
BRDA:57,5,1,20
BRDA:63,6,0,2
BRDA:63,6,1,2
BRDA:63,7,0,4
BRDA:63,7,1,3
BRDA:73,8,0,1
BRDA:73,8,1,1
BRF:17
BRH:17
end_of_record
TN:
SF:/home/travis/build/martinmicunda/employee-scheduling-ui/src/app/core/models/document.js
FN:34,(anonymous_8)
FN:37,DocumentModel
FN:46,getFilesCollection
FN:51,initFilesCollection
FN:54,(anonymous_12)
FNF:5
FNH:5
FNDA:1,(anonymous_8)
FNDA:71,DocumentModel
FNDA:5,getFilesCollection
FNDA:1,initFilesCollection
FNDA:1,(anonymous_12)
DA:17,1
DA:18,1
DA:19,71
DA:20,71
DA:24,5
DA:28,1
LF:6
LH:6
BRDA:61,1,0,1
BRDA:61,1,1,1
BRDA:62,2,0,1
BRDA:62,2,1,1
BRF:4
BRH:4
end_of_record
TN:
SF:/home/travis/build/martinmicunda/employee-scheduling-ui/src/app/core/models/employee.js
FN:36,(anonymous_8)
FN:39,EmployeeModel
FN:48,getProfileCompleteness
FN:53,emptyObjectPropertiesCounter
FN:88,calculateProfileCompleteness
FNF:5
FNH:5
FNDA:1,(anonymous_8)
FNDA:323,EmployeeModel
FNDA:4,getProfileCompleteness
FNDA:107,emptyObjectPropertiesCounter
FNDA:107,calculateProfileCompleteness
DA:18,1
DA:19,1
DA:20,323
DA:21,323
DA:25,4
DA:29,107
DA:30,107
DA:31,698
DA:32,678
DA:36,107
DA:41,107
DA:44,107
DA:45,107
DA:46,107
DA:48,107
DA:50,107
LF:16
LH:16
BRDA:63,1,0,678
BRDA:63,1,1,20
BRDA:63,2,0,698
BRDA:63,2,1,28
BRDA:63,2,2,28
BRDA:89,3,0,80
BRDA:89,3,1,27
BRDA:89,4,0,107
BRDA:89,4,1,27
BRDA:94,5,0,80
BRDA:94,5,1,27
BRDA:95,6,0,80
BRDA:95,6,1,27
BRDA:105,7,0,1
BRDA:105,7,1,1
BRDA:106,8,0,1
BRDA:106,8,1,1
BRF:17
BRH:17
end_of_record
TN:
SF:/home/travis/build/martinmicunda/employee-scheduling-ui/src/app/core/services/form.js
FN:24,(anonymous_5)
FN:25,FormService
FN:38,getModalSaveButtonOptions
FN:46,getSaveButtonOptions
FN:54,onSuccess
FN:63,onFailure
FN:82,save
FN:85,(anonymous_12)
FN:87,(anonymous_13)
FN:89,(anonymous_14)
FN:95,_delete
FN:98,(anonymous_16)
FN:100,(anonymous_17)
FN:108,submitChildForm
FN:122,previousState
FN:146,nextState
FN:176,hasInvalidChildForms
FN:177,(anonymous_22)
FNF:18
FNH:18
FNDA:1,(anonymous_5)
FNDA:394,FormService
FNDA:232,getModalSaveButtonOptions
FNDA:82,getSaveButtonOptions
FNDA:6,onSuccess
FNDA:11,onFailure
FNDA:3,save
FNDA:1,(anonymous_12)
FNDA:2,(anonymous_13)
FNDA:3,(anonymous_14)
FNDA:2,_delete
FNDA:1,(anonymous_16)
FNDA:1,(anonymous_17)
FNDA:3,submitChildForm
FNDA:5,previousState
FNDA:5,nextState
FNDA:2,hasInvalidChildForms
FNDA:7,(anonymous_22)
DA:15,1
DA:16,1
DA:17,394
DA:26,232
DA:27,232
DA:29,232
DA:33,82
DA:34,82
DA:36,82
DA:40,6
DA:41,6
DA:42,6
DA:43,1
DA:48,11
DA:49,11
DA:50,11
DA:51,1
DA:52,10
DA:53,6
DA:54,4
DA:55,1
DA:56,3
DA:57,1
DA:58,2
DA:59,1
DA:61,1
DA:66,3
DA:67,1
DA:69,2
DA:71,3
DA:76,2
DA:77,1
DA:79,1
DA:85,3
DA:87,1
DA:88,1
DA:89,1
DA:91,1
DA:92,1
DA:93,1
DA:98,5
DA:99,5
DA:101,1
DA:102,1
DA:104,1
DA:105,1
DA:107,1
DA:108,1
DA:110,1
DA:111,1
DA:113,1
DA:114,1
DA:117,5
DA:121,5
DA:122,5
DA:124,1
DA:125,1
DA:127,1
DA:128,1
DA:130,1
DA:131,1
DA:133,1
DA:134,1
DA:136,1
DA:137,1
DA:140,5
DA:149,2
DA:150,2
DA:151,1
DA:154,2
LF:70
LH:70
BRDA:57,1,0,1
BRDA:57,1,1,5
BRDA:66,2,0,1
BRDA:66,2,1,10
BRDA:68,3,0,6
BRDA:68,3,1,4
BRDA:70,4,0,1
BRDA:70,4,1,3
BRDA:70,5,0,4
BRDA:70,5,1,2
BRDA:72,6,0,1
BRDA:72,6,1,2
BRDA:72,7,0,3
BRDA:72,7,1,1
BRDA:74,8,0,1
BRDA:74,8,1,1
BRDA:109,9,0,1
BRDA:109,9,1,1
BRDA:124,10,0,1
BRDA:124,10,1,1
BRDA:124,10,2,1
BRDA:124,10,3,1
BRDA:124,10,4,1
BRDA:148,11,0,1
BRDA:148,11,1,1
BRDA:148,11,2,1
BRDA:148,11,3,1
BRDA:148,11,4,1
BRDA:180,12,0,1
BRDA:180,12,1,1
BRDA:189,13,0,1
BRDA:189,13,1,1
BRF:32
BRH:32
end_of_record
TN:
SF:/home/travis/build/martinmicunda/employee-scheduling-ui/src/app/core/services/authentication.js
FN:24,(anonymous_5)
FN:25,AuthenticationService
FN:34,login
FN:37,(anonymous_8)
FN:43,logout
FN:46,(anonymous_10)
FN:52,isAuthorized
FN:60,isAuthenticated
FN:65,getCurrentUser
FNF:9
FNH:9
FNDA:1,(anonymous_5)
FNDA:748,AuthenticationService
FNDA:1,login
FNDA:1,(anonymous_8)
FNDA:1,logout
FNDA:1,(anonymous_10)
FNDA:587,isAuthorized
FNDA:418,isAuthenticated
FNDA:751,getCurrentUser
DA:16,1
DA:17,1
DA:18,748
DA:19,748
DA:23,1
DA:24,1
DA:29,1
DA:30,1
DA:35,587
DA:36,390
DA:38,197
DA:42,418
DA:46,751
LF:13
LH:13
BRDA:53,1,0,390
BRDA:53,1,1,197
BRDA:56,2,0,197
BRDA:56,2,1,167
BRDA:71,3,0,1
BRDA:71,3,1,1
BRDA:72,4,0,1
BRDA:72,4,1,1
BRF:8
BRH:8
end_of_record
TN:
SF:/home/travis/build/martinmicunda/employee-scheduling-ui/src/app/directives/unique-email-validator/unique-email-validator.js
FN:26,(anonymous_5)
FN:27,MmUniqueEmailValidator
FN:38,link
FN:40,(anonymous_8)
FN:41,(anonymous_9)
FN:43,(anonymous_10)
FN:46,(anonymous_11)
FN:63,directiveFactory
FNF:8
FNH:8
FNDA:1,(anonymous_5)
FNDA:69,MmUniqueEmailValidator
FNDA:64,link
FNDA:3,(anonymous_8)
FNDA:3,(anonymous_9)
FNDA:1,(anonymous_10)
FNDA:1,(anonymous_11)
FNDA:69,directiveFactory
DA:10,1
DA:11,1
DA:17,1
DA:18,1
DA:19,69
DA:20,69
DA:21,69
DA:22,69
DA:26,64
DA:27,64
DA:28,3
DA:29,3
DA:30,2
DA:32,1
DA:35,1
DA:38,1
DA:48,69
DA:49,69
LF:18
LH:18
BRDA:42,1,0,2
BRDA:42,1,1,1
BRDA:70,2,0,1
BRDA:70,2,1,1
BRF:4
BRH:4
end_of_record
TN:
SF:/home/travis/build/martinmicunda/employee-scheduling-ui/src/app/directives/color-hex-validator/color-hex-validator.js
FN:25,(anonymous_5)
FN:26,MmColorHexValidator
FN:35,link
FN:36,(anonymous_8)
FN:42,directiveFactory
FNF:5
FNH:5
FNDA:1,(anonymous_5)
FNDA:38,MmColorHexValidator
FNDA:34,link
FNDA:48,(anonymous_8)
FNDA:38,directiveFactory
DA:9,1
DA:16,1
DA:17,1
DA:18,38
DA:19,38
DA:23,34
DA:24,48
DA:29,38
DA:30,38
LF:9
LH:9
BRDA:49,1,0,1
BRDA:49,1,1,1
BRF:2
BRH:2
end_of_record
TN:
SF:/home/travis/build/martinmicunda/employee-scheduling-ui/src/app/components/header/header.js
FN:30,(anonymous_6)
FN:31,Header
FN:40,logout
FN:43,(anonymous_9)
FNF:4
FNH:4
FNDA:1,(anonymous_6)
FNDA:34,Header
FNDA:1,logout
FNDA:1,(anonymous_9)
DA:20,1
DA:21,1
DA:22,34
DA:23,34
DA:27,1
DA:28,1
LF:6
LH:6
BRDA:50,1,0,1
BRDA:50,1,1,1
BRDA:51,2,0,1
BRDA:51,2,1,1
BRDA:54,3,0,1
BRDA:54,3,1,1
BRF:6
BRH:6
end_of_record
TN:
SF:/home/travis/build/martinmicunda/employee-scheduling-ui/src/app/components/modal-partner/modal-partner.js
FN:32,(anonymous_6)
FN:33,PartnerModal
FN:49,cancel
FN:54,save
FNF:4
FNH:4
FNDA:1,(anonymous_6)
FNDA:40,PartnerModal
FNDA:1,cancel
FNDA:2,save
DA:21,1
DA:22,1
DA:23,40
DA:24,40
DA:25,40
DA:26,40
DA:27,40
DA:28,40
DA:29,40
DA:30,40
DA:31,40
DA:35,1
DA:39,2
DA:40,1
DA:41,1
LF:15
LH:15
BRDA:39,1,0,40
BRDA:39,1,1,37
BRDA:55,2,0,1
BRDA:55,2,1,1
BRDA:64,3,0,1
BRDA:64,3,1,1
BRDA:65,4,0,1
BRDA:65,4,1,1
BRDA:68,5,0,1
BRDA:68,5,1,1
BRF:10
BRH:10
end_of_record
TN:
SF:/home/travis/build/martinmicunda/employee-scheduling-ui/src/app/components/modal-document/modal-document.js
FN:30,(anonymous_6)
FN:31,DocumentModal
FN:48,(anonymous_8)
FN:49,(anonymous_9)
FN:53,(anonymous_10)
FN:54,(anonymous_11)
FN:74,cancel
FN:79,save
FN:88,(anonymous_14)
FN:96,addAccess
FN:104,removeAccess
FNF:11
FNH:11
FNDA:1,(anonymous_6)
FNDA:44,DocumentModal
FNDA:6,(anonymous_8)
FNDA:12,(anonymous_9)
FNDA:6,(anonymous_10)
FNDA:12,(anonymous_11)
FNDA:1,cancel
FNDA:4,save
FNDA:3,(anonymous_14)
FNDA:2,addAccess
FNDA:2,removeAccess
DA:20,1
DA:21,1
DA:22,44
DA:23,44
DA:24,44
DA:25,44
DA:26,44
DA:27,44
DA:28,44
DA:29,44
DA:30,44
DA:31,44
DA:32,44
DA:33,44
DA:34,8
DA:35,8
DA:37,36
DA:38,36
DA:51,1
DA:55,4
DA:56,3
DA:57,3
DA:58,3
DA:59,1
DA:61,3
DA:65,2
DA:66,2
DA:70,2
DA:71,2
LF:29
LH:29
BRDA:47,1,0,8
BRDA:47,1,1,36
BRDA:82,2,0,1
BRDA:82,2,1,3
BRDA:87,3,0,1
BRDA:87,3,1,2
BRDA:98,4,0,1
BRDA:98,4,1,1
BRDA:106,5,0,1
BRDA:106,5,1,1
BRDA:113,6,0,1
BRDA:113,6,1,1
BRDA:114,7,0,1
BRDA:114,7,1,1
BRDA:117,8,0,1
BRDA:117,8,1,1
BRF:16
BRH:16
end_of_record
TN:
SF:/home/travis/build/martinmicunda/employee-scheduling-ui/src/app/components/modal-location/modal-location.js
FN:32,(anonymous_6)
FN:33,LocationModal
FN:52,cancel
FN:57,save
FN:72,(anonymous_11)
FN:74,(anonymous_12)
FNF:6
FNH:6
FNDA:1,(anonymous_6)
FNDA:40,LocationModal
FNDA:1,cancel
FNDA:8,save
FNDA:1,(anonymous_11)
FNDA:1,(anonymous_12)
DA:21,1
DA:22,1
DA:23,40
DA:24,40
DA:25,40
DA:26,40
DA:27,40
DA:29,40
DA:30,40
DA:31,40
DA:32,40
DA:33,40
DA:34,40
DA:38,1
DA:42,8
DA:43,7
DA:45,7
DA:46,4
DA:47,4
DA:48,4
DA:50,4
DA:51,1
DA:53,1
DA:56,3
DA:57,2
DA:59,3
LF:26
LH:26
BRDA:39,1,0,40
BRDA:39,1,1,33
BRDA:40,2,0,40
BRDA:40,2,1,35
BRDA:42,3,0,40
BRDA:42,3,1,11
BRDA:60,4,0,1
BRDA:60,4,1,7
BRDA:65,5,0,4
BRDA:65,5,1,3
BRDA:82,6,0,2
BRDA:82,6,1,1
BRDA:91,7,0,1
BRDA:91,7,1,1
BRDA:92,8,0,1
BRDA:92,8,1,1
BRDA:95,9,0,1
BRDA:95,9,1,1
BRF:18
BRH:18
end_of_record
TN:
SF:/home/travis/build/martinmicunda/employee-scheduling-ui/src/app/components/employee-bank-details/employee-bank-details.js
FN:28,(anonymous_3)
FN:29,EmployeeBankDetails
FNF:2
FNH:2
FNDA:1,(anonymous_3)
FNDA:10,EmployeeBankDetails
DA:20,1
DA:21,1
DA:22,10
LF:3
LH:3
BRDA:36,1,0,1
BRDA:36,1,1,1
BRDA:37,2,0,1
BRDA:37,2,1,1
BRDA:40,3,0,1
BRDA:40,3,1,1
BRF:6
BRH:6
end_of_record
TN:
SF:/home/travis/build/martinmicunda/employee-scheduling-ui/src/app/components/employee-authorizations/employee-authorizations.js
FN:32,(anonymous_6)
FN:33,EmployeeAuthorizations
FN:38,(anonymous_8)
FN:42,(anonymous_9)
FN:51,deleteSupervisorLocations
FN:58,selectAll
FN:60,(anonymous_12)
FN:69,toggleSelection
FNF:8
FNH:8
FNDA:1,(anonymous_6)
FNDA:13,EmployeeAuthorizations
FNDA:6,(anonymous_8)
FNDA:3,(anonymous_9)
FNDA:2,deleteSupervisorLocations
FNDA:2,selectAll
FNDA:2,(anonymous_12)
FNDA:2,toggleSelection
DA:21,1
DA:22,1
DA:23,13
DA:24,13
DA:25,13
DA:26,13
DA:27,13
DA:28,13
DA:29,13
DA:33,2
DA:34,1
DA:39,2
DA:40,1
DA:42,1
DA:47,2
DA:50,2
DA:51,1
DA:53,1
DA:56,2
LF:19
LH:19
BRDA:41,1,0,13
BRDA:41,1,1,3
BRDA:42,2,0,13
BRDA:42,2,1,2
BRDA:45,3,0,13
BRDA:45,3,1,4
BRDA:52,4,0,1
BRDA:52,4,1,1
BRDA:59,5,0,1
BRDA:59,5,1,1
BRDA:73,6,0,1
BRDA:73,6,1,1
BRDA:85,7,0,1
BRDA:85,7,1,1
BRDA:86,8,0,1
BRDA:86,8,1,1
BRDA:89,9,0,1
BRDA:89,9,1,1
BRF:18
BRH:18
end_of_record
TN:
SF:/home/travis/build/martinmicunda/employee-scheduling-ui/src/app/components/employee-account-details/employee-account-details.js
FN:32,(anonymous_6)
FN:33,EmployeeAccountDetails
FN:44,(anonymous_8)
FN:53,removeAvatar
FN:58,addAvatar
FN:62,(anonymous_11)
FNF:6
FNH:6
FNDA:1,(anonymous_6)
FNDA:45,EmployeeAccountDetails
FNDA:4,(anonymous_8)
FNDA:1,removeAvatar
FNDA:1,addAvatar
FNDA:1,(anonymous_11)
DA:21,1
DA:22,1
DA:23,45
DA:24,45
DA:25,45
DA:26,45
DA:27,45
DA:28,45
DA:29,45
DA:30,45
DA:31,45
DA:32,45
DA:33,45
DA:37,1
DA:41,1
DA:42,1
LF:16
LH:16
BRDA:40,1,0,45
BRDA:40,1,1,36
BRDA:41,2,0,45
BRDA:41,2,1,3
BRDA:42,3,0,45
BRDA:42,3,1,6
BRDA:43,4,0,45
BRDA:43,4,1,5
BRDA:44,5,0,45
BRDA:44,5,1,2
BRDA:69,6,0,1
BRDA:69,6,1,1
BRDA:70,7,0,1
BRDA:70,7,1,1
BRDA:73,8,0,1
BRDA:73,8,1,1
BRF:16
BRH:16
end_of_record
TN:
SF:/home/travis/build/martinmicunda/employee-scheduling-ui/src/app/components/employee-contact-details/employee-contact-details.js
FN:28,(anonymous_3)
FN:29,EmployeeContactDetails
FNF:2
FNH:2
FNDA:1,(anonymous_3)
FNDA:12,EmployeeContactDetails
DA:20,1
DA:21,1
DA:22,12
LF:3
LH:3
BRDA:36,1,0,1
BRDA:36,1,1,1
BRDA:37,2,0,1
BRDA:37,2,1,1
BRDA:40,3,0,1
BRDA:40,3,1,1
BRF:6
BRH:6
end_of_record
